<?xml version="1.0" encoding="UTF-8" standalone="no"?>
<!DOCTYPE log SYSTEM "logger.dtd">
<log>
<record>
  <date>2017-05-31T19:28:09.208-0300</date>
  <logger>GABRIEL FERNANDES DA SILVA</logger>
  <level>FINE</level>
  <message>File 116110409-GABRIEL FERNANDES DA SILVA.zip was received. It was sent by GABRIEL FERNANDES DA SILVA from IP 127.0.1.1</message>
</record>
</log>
<?xml version="1.0" encoding="UTF-8" standalone="no"?>
<!DOCTYPE log SYSTEM "logger.dtd">
<log>
<record>
  <date>2017-06-01T01:24:07.772-0300</date>
  <logger>GABRIEL FERNANDES DA SILVA</logger>
  <level>FINE</level>
  <message>File 116110409-GABRIEL FERNANDES DA SILVA.zip was received. It was sent by GABRIEL FERNANDES DA SILVA from IP 127.0.1.1</message>
</record>
</log>
<?xml version="1.0" encoding="UTF-8" standalone="no"?>
<!DOCTYPE log SYSTEM "logger.dtd">
<log>
<record>
  <date>2017-06-01T02:23:41.930-0300</date>
  <logger>GABRIEL FERNANDES DA SILVA</logger>
  <level>FINE</level>
  <message>File 116110409-GABRIEL FERNANDES DA SILVA.zip was received. It was sent by GABRIEL FERNANDES DA SILVA from IP 127.0.1.1</message>
</record>
</log>
<?xml version="1.0" encoding="UTF-8" standalone="no"?>
<!DOCTYPE log SYSTEM "logger.dtd">
<log>
<record>
  <date>2017-06-01T02:40:35.758-0300</date>
  <logger>GABRIEL FERNANDES DA SILVA</logger>
  <level>FINE</level>
  <message>File 116110409-GABRIEL FERNANDES DA SILVA.zip was received. It was sent by GABRIEL FERNANDES DA SILVA from IP 127.0.1.1</message>
</record>
</log>
<?xml version="1.0" encoding="UTF-8" standalone="no"?>
<!DOCTYPE log SYSTEM "logger.dtd">
<log>
<record>
  <date>2017-06-01T03:37:13.198-0300</date>
  <logger>GABRIEL FERNANDES DA SILVA</logger>
  <level>FINE</level>
  <message>File 116110409-GABRIEL FERNANDES DA SILVA.zip was received. It was sent by GABRIEL FERNANDES DA SILVA from IP 127.0.1.1</message>
</record>
</log>
<?xml version="1.0" encoding="UTF-8" standalone="no"?>
<!DOCTYPE log SYSTEM "logger.dtd">
<log>
<record>
  <date>2017-06-01T03:38:46.631-0300</date>
  <logger>GABRIEL FERNANDES DA SILVA</logger>
  <level>FINE</level>
  <message>File 116110409-GABRIEL FERNANDES DA SILVA.zip was received. It was sent by GABRIEL FERNANDES DA SILVA from IP 127.0.1.1</message>
</record>
</log>
<?xml version="1.0" encoding="UTF-8" standalone="no"?>
<!DOCTYPE log SYSTEM "logger.dtd">
<log>
<record>
  <date>2017-06-01T03:48:21.391-0300</date>
  <logger>GABRIEL FERNANDES DA SILVA</logger>
  <level>FINE</level>
  <message>File 116110409-GABRIEL FERNANDES DA SILVA.zip was received. It was sent by GABRIEL FERNANDES DA SILVA from IP 127.0.1.1</message>
</record>
