<?xml version="1.0" encoding="UTF-8" standalone="no"?>
<!DOCTYPE log SYSTEM "logger.dtd">
<log>
<record>
  <date>2017-05-24T14:19:59.381-0300</date>
  <logger>GABRIEL FERNANDES DA SILVA</logger>
  <level>FINE</level>
  <message>File 116110409-GABRIEL FERNANDES DA SILVA.zip was received. It was sent by GABRIEL FERNANDES DA SILVA from IP 127.0.1.1</message>
</record>
</log>
<?xml version="1.0" encoding="UTF-8" standalone="no"?>
<!DOCTYPE log SYSTEM "logger.dtd">
<log>
<record>
  <date>2017-05-24T14:29:21.053-0300</date>
  <logger>GABRIEL FERNANDES DA SILVA</logger>
  <level>FINE</level>
  <message>File 116110409-GABRIEL FERNANDES DA SILVA.zip was received. It was sent by GABRIEL FERNANDES DA SILVA from IP 127.0.1.1</message>
</record>
</log>
<?xml version="1.0" encoding="UTF-8" standalone="no"?>
<!DOCTYPE log SYSTEM "logger.dtd">
<log>
<record>
  <date>2017-05-24T18:08:20.319-0300</date>
  <logger>GABRIEL FERNANDES DA SILVA</logger>
  <level>FINE</level>
  <message>File 116110409-GABRIEL FERNANDES DA SILVA.zip was received. It was sent by GABRIEL FERNANDES DA SILVA from IP 127.0.1.1</message>
</record>
</log>
<?xml version="1.0" encoding="UTF-8" standalone="no"?>
<!DOCTYPE log SYSTEM "logger.dtd">
<log>
<record>
  <date>2017-05-24T19:41:22.119-0300</date>
  <logger>GABRIEL FERNANDES DA SILVA</logger>
  <level>FINE</level>
  <message>File 116110409-GABRIEL FERNANDES DA SILVA.zip was received. It was sent by GABRIEL FERNANDES DA SILVA from IP 127.0.1.1</message>
</record>
</log>
<?xml version="1.0" encoding="UTF-8" standalone="no"?>
<!DOCTYPE log SYSTEM "logger.dtd">
<log>
<record>
  <date>2017-05-24T19:43:56.864-0300</date>
  <logger>GABRIEL FERNANDES DA SILVA</logger>
  <level>FINE</level>
  <message>File 116110409-GABRIEL FERNANDES DA SILVA.zip was received. It was sent by GABRIEL FERNANDES DA SILVA from IP 127.0.1.1</message>
</record>
</log>
<?xml version="1.0" encoding="UTF-8" standalone="no"?>
<!DOCTYPE log SYSTEM "logger.dtd">
<log>
<record>
  <date>2017-05-24T19:51:53.433-0300</date>
  <logger>GABRIEL FERNANDES DA SILVA</logger>
  <level>FINE</level>
  <message>File 116110409-GABRIEL FERNANDES DA SILVA.zip was received. It was sent by GABRIEL FERNANDES DA SILVA from IP 127.0.1.1</message>
</record>
</log>
<?xml version="1.0" encoding="UTF-8" standalone="no"?>
<!DOCTYPE log SYSTEM "logger.dtd">
<log>
<record>
  <date>2017-05-24T21:58:15.674-0300</date>
  <logger>GABRIEL FERNANDES DA SILVA</logger>
  <level>FINE</level>
  <message>File 116110409-GABRIEL FERNANDES DA SILVA.zip was received. It was sent by GABRIEL FERNANDES DA SILVA from IP 127.0.1.1</message>
</record>
</log>
<?xml version="1.0" encoding="UTF-8" standalone="no"?>
<!DOCTYPE log SYSTEM "logger.dtd">
<log>
<record>
  <date>2017-05-24T23:37:04.934-0300</date>
  <logger>GABRIEL FERNANDES DA SILVA</logger>
  <level>FINE</level>
  <message>File 116110409-GABRIEL FERNANDES DA SILVA.zip was received. It was sent by GABRIEL FERNANDES DA SILVA from IP 127.0.1.1</message>
</record>
</log>
<?xml version="1.0" encoding="UTF-8" standalone="no"?>
<!DOCTYPE log SYSTEM "logger.dtd">
<log>
<record>
  <date>2017-05-24T23:42:44.628-0300</date>
  <logger>GABRIEL FERNANDES DA SILVA</logger>
  <level>FINE</level>
  <message>File 116110409-GABRIEL FERNANDES DA SILVA.zip was received. It was sent by GABRIEL FERNANDES DA SILVA from IP 127.0.1.1</message>
</record>
</log>
<?xml version="1.0" encoding="UTF-8" standalone="no"?>
<!DOCTYPE log SYSTEM "logger.dtd">
<log>
<record>
  <date>2017-05-24T23:45:41.776-0300</date>
  <logger>GABRIEL FERNANDES DA SILVA</logger>
  <level>FINE</level>
  <message>File 116110409-GABRIEL FERNANDES DA SILVA.zip was received. It was sent by GABRIEL FERNANDES DA SILVA from IP 127.0.1.1</message>
</record>
