2017-05-24 14:10:19,929 [Worker-11] INFO  o.e.m.c.i.e.AbstractTransferListenerAdapter - Downloaded http://150.165.85.29:8081/nexus/content/repositories/ufcg-leda/org/apache/maven/plugins/maven-clean-plugin/3.0.0/maven-clean-plugin-3.0.0.jar
2017-05-24 14:10:21,090 [Worker-11] INFO  o.e.m.c.i.e.AbstractTransferListenerAdapter - Downloading https://repo.maven.apache.org/maven2/org/apache/maven/plugins/maven-clean-plugin/3.0.0/maven-clean-plugin-3.0.0.jar
2017-05-24 14:10:21,510 [Worker-11] INFO  o.e.m.c.i.e.AbstractTransferListenerAdapter - Downloaded https://repo.maven.apache.org/maven2/org/apache/maven/plugins/maven-clean-plugin/3.0.0/maven-clean-plugin-3.0.0.jar
2017-05-24 14:10:22,127 [Worker-11] INFO  o.e.m.c.i.e.AbstractTransferListenerAdapter - Downloaded http://150.165.85.29:8081/nexus/content/repositories/ufcg-leda/org/walkmod/maven-walkmod-plugin/1.3/maven-walkmod-plugin-1.3.jar
2017-05-24 14:10:22,311 [Worker-11] INFO  o.e.m.c.i.e.AbstractTransferListenerAdapter - Downloading https://repo.maven.apache.org/maven2/org/walkmod/maven-walkmod-plugin/1.3/maven-walkmod-plugin-1.3.jar
2017-05-24 14:10:22,505 [Worker-11] INFO  o.e.m.c.i.e.AbstractTransferListenerAdapter - Downloaded https://repo.maven.apache.org/maven2/org/walkmod/maven-walkmod-plugin/1.3/maven-walkmod-plugin-1.3.jar
2017-05-24 14:10:22,870 [Worker-11] INFO  o.e.m.c.i.e.AbstractTransferListenerAdapter - Downloading http://150.165.85.29:8081/nexus/content/repositories/ufcg-leda/br/edu/ufcg/ccc/leda-compactor-tool/1.0.0-SNAPSHOT/maven-metadata.xml
2017-05-24 14:10:22,918 [Worker-11] INFO  o.e.m.c.i.e.AbstractTransferListenerAdapter - Downloaded http://150.165.85.29:8081/nexus/content/repositories/ufcg-leda/br/edu/ufcg/ccc/leda-compactor-tool/1.0.0-SNAPSHOT/maven-metadata.xml
2017-05-24 14:10:23,309 [Worker-11] INFO  o.e.m.c.i.e.AbstractTransferListenerAdapter - Downloading http://150.165.85.29:8081/nexus/content/repositories/ufcg-leda/br/edu/ufcg/ccc/leda-compactor-tool/1.0.0-SNAPSHOT/leda-compactor-tool-1.0.0-20170119.143802-2.jar
2017-05-24 14:10:23,403 [Worker-11] INFO  o.e.m.c.i.e.AbstractTransferListenerAdapter - Downloaded http://150.165.85.29:8081/nexus/content/repositories/ufcg-leda/br/edu/ufcg/ccc/leda-compactor-tool/1.0.0-SNAPSHOT/leda-compactor-tool-1.0.0-20170119.143802-2.jar
2017-05-24 14:10:23,784 [Worker-11] INFO  o.e.m.c.i.e.AbstractTransferListenerAdapter - Downloading http://150.165.85.29:8081/nexus/content/repositories/ufcg-leda/br/edu/ufcg/ccc/leda-chart-tool/1.0.0-SNAPSHOT/maven-metadata.xml
2017-05-24 14:10:23,835 [Worker-11] INFO  o.e.m.c.i.e.AbstractTransferListenerAdapter - Downloaded http://150.165.85.29:8081/nexus/content/repositories/ufcg-leda/br/edu/ufcg/ccc/leda-chart-tool/1.0.0-SNAPSHOT/maven-metadata.xml
2017-05-24 14:10:23,901 [Worker-11] INFO  o.e.m.c.i.e.AbstractTransferListenerAdapter - Downloading http://150.165.85.29:8081/nexus/content/repositories/ufcg-leda/br/edu/ufcg/ccc/leda-chart-tool/1.0.0-SNAPSHOT/leda-chart-tool-1.0.0-20170417.200656-3.jar
2017-05-24 14:10:24,125 [Worker-11] INFO  o.e.m.c.i.e.AbstractTransferListenerAdapter - Downloaded http://150.165.85.29:8081/nexus/content/repositories/ufcg-leda/br/edu/ufcg/ccc/leda-chart-tool/1.0.0-SNAPSHOT/leda-chart-tool-1.0.0-20170417.200656-3.jar
2017-05-24 14:10:26,637 [Worker-11] INFO  o.e.m.c.i.l.LifecycleMappingFactory - Using org.eclipse.m2e.jdt.JarLifecycleMapping lifecycle mapping for MavenProject: br.edu.ufcg.ccc:submission:1.0 @ /home/fernandes/leda-roteiros/R01-03-Rot-SimpleSorting-Recursive-Insertionsort-environment/pom.xml.
2017-05-24 14:10:27,193 [Worker-11] INFO  o.e.m.c.i.e.AbstractTransferListenerAdapter - Downloading https://repo.maven.apache.org/maven2/junit/junit/4.12/junit-4.12.pom
2017-05-24 14:10:27,444 [Worker-11] INFO  o.e.m.c.i.e.AbstractTransferListenerAdapter - Downloaded https://repo.maven.apache.org/maven2/junit/junit/4.12/junit-4.12.pom
2017-05-24 14:10:27,594 [Worker-11] INFO  o.e.m.c.i.e.AbstractTransferListenerAdapter - Downloading https://repo.maven.apache.org/maven2/org/hamcrest/hamcrest-core/1.3/hamcrest-core-1.3.pom
2017-05-24 14:10:27,877 [Worker-11] INFO  o.e.m.c.i.e.AbstractTransferListenerAdapter - Downloaded https://repo.maven.apache.org/maven2/org/hamcrest/hamcrest-core/1.3/hamcrest-core-1.3.pom
2017-05-24 14:10:28,014 [Worker-11] INFO  o.e.m.c.i.e.AbstractTransferListenerAdapter - Downloading https://repo.maven.apache.org/maven2/org/hamcrest/hamcrest-parent/1.3/hamcrest-parent-1.3.pom
2017-05-24 14:10:28,154 [Worker-11] INFO  o.e.m.c.i.e.AbstractTransferListenerAdapter - Downloaded https://repo.maven.apache.org/maven2/org/hamcrest/hamcrest-parent/1.3/hamcrest-parent-1.3.pom
2017-05-24 14:10:28,389 [Worker-11] INFO  o.e.m.c.i.e.AbstractTransferListenerAdapter - Downloading https://repo.maven.apache.org/maven2/junit/junit/4.12/junit-4.12.jar
2017-05-24 14:10:28,905 [Worker-11] INFO  o.e.m.c.i.e.AbstractTransferListenerAdapter - Downloaded https://repo.maven.apache.org/maven2/junit/junit/4.12/junit-4.12.jar
2017-05-24 14:10:29,038 [Worker-11] INFO  o.e.m.c.i.e.AbstractTransferListenerAdapter - Downloading https://repo.maven.apache.org/maven2/org/hamcrest/hamcrest-core/1.3/hamcrest-core-1.3.jar
2017-05-24 14:10:29,183 [Worker-11] INFO  o.e.m.c.i.e.AbstractTransferListenerAdapter - Downloaded https://repo.maven.apache.org/maven2/org/hamcrest/hamcrest-core/1.3/hamcrest-core-1.3.jar
2017-05-24 14:10:30,046 [Worker-11] INFO  o.e.m.c.i.e.AbstractTransferListenerAdapter - Downloaded http://150.165.85.29:8081/nexus/content/repositories/ufcg-leda/org/walkmod/maven-walkmod-plugin/1.3/maven-walkmod-plugin-1.3.pom
2017-05-24 14:10:30,617 [Worker-11] INFO  o.e.m.c.i.e.AbstractTransferListenerAdapter - Downloading https://repo.maven.apache.org/maven2/org/walkmod/maven-walkmod-plugin/1.3/maven-walkmod-plugin-1.3.pom
2017-05-24 14:10:30,765 [Worker-11] INFO  o.e.m.c.i.e.AbstractTransferListenerAdapter - Downloaded https://repo.maven.apache.org/maven2/org/walkmod/maven-walkmod-plugin/1.3/maven-walkmod-plugin-1.3.pom
2017-05-24 14:10:32,874 [Worker-11] INFO  o.e.m.j.i.AbstractJavaProjectConfigurator - Adding source folder /R01-03-Rot-SimpleSorting-Recursive-Insertionsort-environment/src/main/java
2017-05-24 14:10:32,884 [Worker-11] INFO  o.e.m.j.i.AbstractJavaProjectConfigurator - Adding source folder /R01-03-Rot-SimpleSorting-Recursive-Insertionsort-environment/src/test/java
2017-05-24 14:10:35,217 [Worker-11] INFO  o.e.m.c.i.p.ProjectConfigurationManager - Imported and configured 1 project(s) in 17 sec
2017-05-24 14:10:37,127 [Worker-13] WARN  o.e.m.c.i.embedder.EclipseLogger - Using platform encoding (UTF-8 actually) to copy filtered resources, i.e. build is platform dependent!
2017-05-24 14:10:37,210 [Worker-13] INFO  o.e.m.c.i.embedder.EclipseLogger - skip non existing resourceDirectory /home/fernandes/leda-roteiros/R01-03-Rot-SimpleSorting-Recursive-Insertionsort-environment/src/main/resources
2017-05-24 14:10:37,239 [Worker-13] WARN  o.e.m.c.i.embedder.EclipseLogger - Using platform encoding (UTF-8 actually) to copy filtered resources, i.e. build is platform dependent!
2017-05-24 14:10:37,240 [Worker-13] INFO  o.e.m.c.i.embedder.EclipseLogger - skip non existing resourceDirectory /home/fernandes/leda-roteiros/R01-03-Rot-SimpleSorting-Recursive-Insertionsort-environment/src/test/resources
2017-05-24 14:12:17,963 [Worker-8] INFO  o.e.m.c.i.l.LifecycleMappingFactory - Using org.eclipse.m2e.jdt.JarLifecycleMapping lifecycle mapping for MavenProject: br.edu.ufcg.ccc:submission:1.0 @ /home/fernandes/leda-roteiros/R01-03-Rot-SimpleSorting-Recursive-Insertionsort-environment/pom.xml.
2017-05-24 14:12:18,834 [Worker-8] WARN  o.e.m.c.i.embedder.EclipseLogger - Using platform encoding (UTF-8 actually) to copy filtered resources, i.e. build is platform dependent!
2017-05-24 14:12:18,844 [Worker-8] INFO  o.e.m.c.i.embedder.EclipseLogger - skip non existing resourceDirectory /home/fernandes/leda-roteiros/R01-03-Rot-SimpleSorting-Recursive-Insertionsort-environment/src/main/resources
2017-05-24 14:12:18,849 [Worker-8] WARN  o.e.m.c.i.embedder.EclipseLogger - Using platform encoding (UTF-8 actually) to copy filtered resources, i.e. build is platform dependent!
2017-05-24 14:12:18,850 [Worker-8] INFO  o.e.m.c.i.embedder.EclipseLogger - skip non existing resourceDirectory /home/fernandes/leda-roteiros/R01-03-Rot-SimpleSorting-Recursive-Insertionsort-environment/src/test/resources
2017-05-24 14:12:26,837 [main] INFO  o.e.m2e.actions.ExecutePomAction - Creating new launch configuration
2017-05-24 14:12:44,900 [Worker-12] INFO  o.e.m.i.launch.MavenLaunchDelegate - /home/fernandes/leda-roteiros/R01-03-Rot-SimpleSorting-Recursive-Insertionsort-environment
2017-05-24 14:12:44,902 [Worker-12] INFO  o.e.m.i.launch.MavenLaunchDelegate -  mvn -B -Dmaven.test.skip=true -DskipTests install
2017-05-24 14:23:25,178 [Worker-5] WARN  o.e.m.c.i.embedder.EclipseLogger - Using platform encoding (UTF-8 actually) to copy filtered resources, i.e. build is platform dependent!
2017-05-24 14:23:25,184 [Worker-5] INFO  o.e.m.c.i.embedder.EclipseLogger - skip non existing resourceDirectory /home/fernandes/leda-roteiros/R01-03-Rot-SimpleSorting-Recursive-Insertionsort-environment/src/main/resources
2017-05-24 14:23:25,187 [Worker-5] WARN  o.e.m.c.i.embedder.EclipseLogger - Using platform encoding (UTF-8 actually) to copy filtered resources, i.e. build is platform dependent!
2017-05-24 14:23:25,188 [Worker-5] INFO  o.e.m.c.i.embedder.EclipseLogger - skip non existing resourceDirectory /home/fernandes/leda-roteiros/R01-03-Rot-SimpleSorting-Recursive-Insertionsort-environment/src/test/resources
2017-05-24 14:28:48,346 [main] INFO  o.e.m2e.actions.ExecutePomAction - Creating new launch configuration
2017-05-24 14:28:56,434 [Worker-14] INFO  o.e.m.i.launch.MavenLaunchDelegate - /home/fernandes/leda-roteiros/R01-03-Rot-SimpleSorting-Recursive-Insertionsort-environment
2017-05-24 14:28:56,435 [Worker-14] INFO  o.e.m.i.launch.MavenLaunchDelegate -  mvn -B -Dmaven.test.skip=true -DskipTests install
2017-05-24 16:08:45,394 [Worker-27] WARN  o.e.m.c.i.embedder.EclipseLogger - Using platform encoding (UTF-8 actually) to copy filtered resources, i.e. build is platform dependent!
2017-05-24 16:08:45,403 [Worker-27] INFO  o.e.m.c.i.embedder.EclipseLogger - skip non existing resourceDirectory /home/fernandes/leda-roteiros/R01-03-Rot-SimpleSorting-Recursive-Insertionsort-environment/src/main/resources
2017-05-24 16:08:45,406 [Worker-27] WARN  o.e.m.c.i.embedder.EclipseLogger - Using platform encoding (UTF-8 actually) to copy filtered resources, i.e. build is platform dependent!
2017-05-24 16:08:45,407 [Worker-27] INFO  o.e.m.c.i.embedder.EclipseLogger - skip non existing resourceDirectory /home/fernandes/leda-roteiros/R01-03-Rot-SimpleSorting-Recursive-Insertionsort-environment/src/test/resources
2017-05-24 16:08:45,688 [Worker-21] WARN  o.e.m.c.i.embedder.EclipseLogger - Using platform encoding (UTF-8 actually) to copy filtered resources, i.e. build is platform dependent!
2017-05-24 16:08:45,689 [Worker-21] INFO  o.e.m.c.i.embedder.EclipseLogger - skip non existing resourceDirectory /home/fernandes/leda-roteiros/R01-03-Rot-SimpleSorting-Recursive-Insertionsort-environment/src/main/resources
2017-05-24 16:08:45,692 [Worker-21] WARN  o.e.m.c.i.embedder.EclipseLogger - Using platform encoding (UTF-8 actually) to copy filtered resources, i.e. build is platform dependent!
2017-05-24 16:08:45,693 [Worker-21] INFO  o.e.m.c.i.embedder.EclipseLogger - skip non existing resourceDirectory /home/fernandes/leda-roteiros/R01-03-Rot-SimpleSorting-Recursive-Insertionsort-environment/src/test/resources
2017-05-24 16:10:33,493 [Worker-27] WARN  o.e.m.c.i.embedder.EclipseLogger - Using platform encoding (UTF-8 actually) to copy filtered resources, i.e. build is platform dependent!
2017-05-24 16:10:33,501 [Worker-27] INFO  o.e.m.c.i.embedder.EclipseLogger - skip non existing resourceDirectory /home/fernandes/leda-roteiros/R01-03-Rot-SimpleSorting-Recursive-Insertionsort-environment/src/main/resources
2017-05-24 16:10:33,506 [Worker-27] WARN  o.e.m.c.i.embedder.EclipseLogger - Using platform encoding (UTF-8 actually) to copy filtered resources, i.e. build is platform dependent!
2017-05-24 16:10:33,513 [Worker-27] INFO  o.e.m.c.i.embedder.EclipseLogger - skip non existing resourceDirectory /home/fernandes/leda-roteiros/R01-03-Rot-SimpleSorting-Recursive-Insertionsort-environment/src/test/resources
2017-05-24 16:14:58,732 [Worker-26] WARN  o.e.m.c.i.embedder.EclipseLogger - Using platform encoding (UTF-8 actually) to copy filtered resources, i.e. build is platform dependent!
2017-05-24 16:14:58,735 [Worker-26] INFO  o.e.m.c.i.embedder.EclipseLogger - skip non existing resourceDirectory /home/fernandes/leda-roteiros/R01-03-Rot-SimpleSorting-Recursive-Insertionsort-environment/src/main/resources
2017-05-24 16:14:58,752 [Worker-26] WARN  o.e.m.c.i.embedder.EclipseLogger - Using platform encoding (UTF-8 actually) to copy filtered resources, i.e. build is platform dependent!
2017-05-24 16:14:58,753 [Worker-26] INFO  o.e.m.c.i.embedder.EclipseLogger - skip non existing resourceDirectory /home/fernandes/leda-roteiros/R01-03-Rot-SimpleSorting-Recursive-Insertionsort-environment/src/test/resources
2017-05-24 16:15:33,673 [Worker-29] WARN  o.e.m.c.i.embedder.EclipseLogger - Using platform encoding (UTF-8 actually) to copy filtered resources, i.e. build is platform dependent!
2017-05-24 16:15:33,674 [Worker-29] INFO  o.e.m.c.i.embedder.EclipseLogger - skip non existing resourceDirectory /home/fernandes/leda-roteiros/R01-03-Rot-SimpleSorting-Recursive-Insertionsort-environment/src/main/resources
2017-05-24 16:15:33,678 [Worker-29] WARN  o.e.m.c.i.embedder.EclipseLogger - Using platform encoding (UTF-8 actually) to copy filtered resources, i.e. build is platform dependent!
2017-05-24 16:15:33,678 [Worker-29] INFO  o.e.m.c.i.embedder.EclipseLogger - skip non existing resourceDirectory /home/fernandes/leda-roteiros/R01-03-Rot-SimpleSorting-Recursive-Insertionsort-environment/src/test/resources
2017-05-24 16:17:52,484 [Worker-19] WARN  o.e.m.c.i.embedder.EclipseLogger - Using platform encoding (UTF-8 actually) to copy filtered resources, i.e. build is platform dependent!
2017-05-24 16:17:52,485 [Worker-19] INFO  o.e.m.c.i.embedder.EclipseLogger - skip non existing resourceDirectory /home/fernandes/leda-roteiros/R01-03-Rot-SimpleSorting-Recursive-Insertionsort-environment/src/main/resources
2017-05-24 16:17:52,490 [Worker-19] WARN  o.e.m.c.i.embedder.EclipseLogger - Using platform encoding (UTF-8 actually) to copy filtered resources, i.e. build is platform dependent!
2017-05-24 16:17:52,491 [Worker-19] INFO  o.e.m.c.i.embedder.EclipseLogger - skip non existing resourceDirectory /home/fernandes/leda-roteiros/R01-03-Rot-SimpleSorting-Recursive-Insertionsort-environment/src/test/resources
2017-05-24 16:17:59,983 [Worker-19] WARN  o.e.m.c.i.embedder.EclipseLogger - Using platform encoding (UTF-8 actually) to copy filtered resources, i.e. build is platform dependent!
2017-05-24 16:17:59,984 [Worker-19] INFO  o.e.m.c.i.embedder.EclipseLogger - skip non existing resourceDirectory /home/fernandes/leda-roteiros/R01-03-Rot-SimpleSorting-Recursive-Insertionsort-environment/src/main/resources
2017-05-24 16:17:59,987 [Worker-19] WARN  o.e.m.c.i.embedder.EclipseLogger - Using platform encoding (UTF-8 actually) to copy filtered resources, i.e. build is platform dependent!
2017-05-24 16:17:59,988 [Worker-19] INFO  o.e.m.c.i.embedder.EclipseLogger - skip non existing resourceDirectory /home/fernandes/leda-roteiros/R01-03-Rot-SimpleSorting-Recursive-Insertionsort-environment/src/test/resources
2017-05-24 16:20:04,767 [Worker-33] WARN  o.e.m.c.i.embedder.EclipseLogger - Using platform encoding (UTF-8 actually) to copy filtered resources, i.e. build is platform dependent!
2017-05-24 16:20:04,768 [Worker-33] INFO  o.e.m.c.i.embedder.EclipseLogger - skip non existing resourceDirectory /home/fernandes/leda-roteiros/R01-03-Rot-SimpleSorting-Recursive-Insertionsort-environment/src/main/resources
2017-05-24 16:20:04,771 [Worker-33] WARN  o.e.m.c.i.embedder.EclipseLogger - Using platform encoding (UTF-8 actually) to copy filtered resources, i.e. build is platform dependent!
2017-05-24 16:20:04,775 [Worker-33] INFO  o.e.m.c.i.embedder.EclipseLogger - skip non existing resourceDirectory /home/fernandes/leda-roteiros/R01-03-Rot-SimpleSorting-Recursive-Insertionsort-environment/src/test/resources
2017-05-24 16:20:29,599 [Worker-35] WARN  o.e.m.c.i.embedder.EclipseLogger - Using platform encoding (UTF-8 actually) to copy filtered resources, i.e. build is platform dependent!
2017-05-24 16:20:29,600 [Worker-35] INFO  o.e.m.c.i.embedder.EclipseLogger - skip non existing resourceDirectory /home/fernandes/leda-roteiros/R01-03-Rot-SimpleSorting-Recursive-Insertionsort-environment/src/main/resources
2017-05-24 16:20:29,609 [Worker-35] WARN  o.e.m.c.i.embedder.EclipseLogger - Using platform encoding (UTF-8 actually) to copy filtered resources, i.e. build is platform dependent!
2017-05-24 16:20:29,610 [Worker-35] INFO  o.e.m.c.i.embedder.EclipseLogger - skip non existing resourceDirectory /home/fernandes/leda-roteiros/R01-03-Rot-SimpleSorting-Recursive-Insertionsort-environment/src/test/resources
2017-05-24 16:22:03,049 [Worker-19] WARN  o.e.m.c.i.embedder.EclipseLogger - Using platform encoding (UTF-8 actually) to copy filtered resources, i.e. build is platform dependent!
2017-05-24 16:22:03,050 [Worker-19] INFO  o.e.m.c.i.embedder.EclipseLogger - skip non existing resourceDirectory /home/fernandes/leda-roteiros/R01-03-Rot-SimpleSorting-Recursive-Insertionsort-environment/src/main/resources
2017-05-24 16:22:03,053 [Worker-19] WARN  o.e.m.c.i.embedder.EclipseLogger - Using platform encoding (UTF-8 actually) to copy filtered resources, i.e. build is platform dependent!
2017-05-24 16:22:03,054 [Worker-19] INFO  o.e.m.c.i.embedder.EclipseLogger - skip non existing resourceDirectory /home/fernandes/leda-roteiros/R01-03-Rot-SimpleSorting-Recursive-Insertionsort-environment/src/test/resources
2017-05-24 16:22:27,874 [Worker-36] WARN  o.e.m.c.i.embedder.EclipseLogger - Using platform encoding (UTF-8 actually) to copy filtered resources, i.e. build is platform dependent!
2017-05-24 16:22:27,875 [Worker-36] INFO  o.e.m.c.i.embedder.EclipseLogger - skip non existing resourceDirectory /home/fernandes/leda-roteiros/R01-03-Rot-SimpleSorting-Recursive-Insertionsort-environment/src/main/resources
2017-05-24 16:22:27,878 [Worker-36] WARN  o.e.m.c.i.embedder.EclipseLogger - Using platform encoding (UTF-8 actually) to copy filtered resources, i.e. build is platform dependent!
2017-05-24 16:22:27,878 [Worker-36] INFO  o.e.m.c.i.embedder.EclipseLogger - skip non existing resourceDirectory /home/fernandes/leda-roteiros/R01-03-Rot-SimpleSorting-Recursive-Insertionsort-environment/src/test/resources
2017-05-24 16:23:05,208 [Worker-35] WARN  o.e.m.c.i.embedder.EclipseLogger - Using platform encoding (UTF-8 actually) to copy filtered resources, i.e. build is platform dependent!
2017-05-24 16:23:05,209 [Worker-35] INFO  o.e.m.c.i.embedder.EclipseLogger - skip non existing resourceDirectory /home/fernandes/leda-roteiros/R01-03-Rot-SimpleSorting-Recursive-Insertionsort-environment/src/main/resources
2017-05-24 16:23:05,220 [Worker-35] WARN  o.e.m.c.i.embedder.EclipseLogger - Using platform encoding (UTF-8 actually) to copy filtered resources, i.e. build is platform dependent!
2017-05-24 16:23:05,220 [Worker-35] INFO  o.e.m.c.i.embedder.EclipseLogger - skip non existing resourceDirectory /home/fernandes/leda-roteiros/R01-03-Rot-SimpleSorting-Recursive-Insertionsort-environment/src/test/resources
2017-05-24 16:23:33,537 [Worker-35] WARN  o.e.m.c.i.embedder.EclipseLogger - Using platform encoding (UTF-8 actually) to copy filtered resources, i.e. build is platform dependent!
2017-05-24 16:23:33,538 [Worker-35] INFO  o.e.m.c.i.embedder.EclipseLogger - skip non existing resourceDirectory /home/fernandes/leda-roteiros/R01-03-Rot-SimpleSorting-Recursive-Insertionsort-environment/src/main/resources
2017-05-24 16:23:33,561 [Worker-35] WARN  o.e.m.c.i.embedder.EclipseLogger - Using platform encoding (UTF-8 actually) to copy filtered resources, i.e. build is platform dependent!
2017-05-24 16:23:33,562 [Worker-35] INFO  o.e.m.c.i.embedder.EclipseLogger - skip non existing resourceDirectory /home/fernandes/leda-roteiros/R01-03-Rot-SimpleSorting-Recursive-Insertionsort-environment/src/test/resources
2017-05-24 16:24:07,199 [Worker-33] WARN  o.e.m.c.i.embedder.EclipseLogger - Using platform encoding (UTF-8 actually) to copy filtered resources, i.e. build is platform dependent!
2017-05-24 16:24:07,200 [Worker-33] INFO  o.e.m.c.i.embedder.EclipseLogger - skip non existing resourceDirectory /home/fernandes/leda-roteiros/R01-03-Rot-SimpleSorting-Recursive-Insertionsort-environment/src/main/resources
2017-05-24 16:24:07,207 [Worker-33] WARN  o.e.m.c.i.embedder.EclipseLogger - Using platform encoding (UTF-8 actually) to copy filtered resources, i.e. build is platform dependent!
2017-05-24 16:24:07,208 [Worker-33] INFO  o.e.m.c.i.embedder.EclipseLogger - skip non existing resourceDirectory /home/fernandes/leda-roteiros/R01-03-Rot-SimpleSorting-Recursive-Insertionsort-environment/src/test/resources
2017-05-24 16:24:23,608 [Worker-36] WARN  o.e.m.c.i.embedder.EclipseLogger - Using platform encoding (UTF-8 actually) to copy filtered resources, i.e. build is platform dependent!
2017-05-24 16:24:23,609 [Worker-36] INFO  o.e.m.c.i.embedder.EclipseLogger - skip non existing resourceDirectory /home/fernandes/leda-roteiros/R01-03-Rot-SimpleSorting-Recursive-Insertionsort-environment/src/main/resources
2017-05-24 16:24:23,612 [Worker-36] WARN  o.e.m.c.i.embedder.EclipseLogger - Using platform encoding (UTF-8 actually) to copy filtered resources, i.e. build is platform dependent!
2017-05-24 16:24:23,613 [Worker-36] INFO  o.e.m.c.i.embedder.EclipseLogger - skip non existing resourceDirectory /home/fernandes/leda-roteiros/R01-03-Rot-SimpleSorting-Recursive-Insertionsort-environment/src/test/resources
2017-05-24 16:25:16,065 [Worker-38] WARN  o.e.m.c.i.embedder.EclipseLogger - Using platform encoding (UTF-8 actually) to copy filtered resources, i.e. build is platform dependent!
2017-05-24 16:25:16,066 [Worker-38] INFO  o.e.m.c.i.embedder.EclipseLogger - skip non existing resourceDirectory /home/fernandes/leda-roteiros/R01-03-Rot-SimpleSorting-Recursive-Insertionsort-environment/src/main/resources
2017-05-24 16:25:16,069 [Worker-38] WARN  o.e.m.c.i.embedder.EclipseLogger - Using platform encoding (UTF-8 actually) to copy filtered resources, i.e. build is platform dependent!
2017-05-24 16:25:16,069 [Worker-38] INFO  o.e.m.c.i.embedder.EclipseLogger - skip non existing resourceDirectory /home/fernandes/leda-roteiros/R01-03-Rot-SimpleSorting-Recursive-Insertionsort-environment/src/test/resources
2017-05-24 16:27:12,078 [Worker-37] WARN  o.e.m.c.i.embedder.EclipseLogger - Using platform encoding (UTF-8 actually) to copy filtered resources, i.e. build is platform dependent!
2017-05-24 16:27:12,079 [Worker-37] INFO  o.e.m.c.i.embedder.EclipseLogger - skip non existing resourceDirectory /home/fernandes/leda-roteiros/R01-03-Rot-SimpleSorting-Recursive-Insertionsort-environment/src/main/resources
2017-05-24 16:27:12,081 [Worker-37] WARN  o.e.m.c.i.embedder.EclipseLogger - Using platform encoding (UTF-8 actually) to copy filtered resources, i.e. build is platform dependent!
2017-05-24 16:27:12,082 [Worker-37] INFO  o.e.m.c.i.embedder.EclipseLogger - skip non existing resourceDirectory /home/fernandes/leda-roteiros/R01-03-Rot-SimpleSorting-Recursive-Insertionsort-environment/src/test/resources
2017-05-24 16:27:13,221 [Worker-35] WARN  o.e.m.c.i.embedder.EclipseLogger - Using platform encoding (UTF-8 actually) to copy filtered resources, i.e. build is platform dependent!
2017-05-24 16:27:13,222 [Worker-35] INFO  o.e.m.c.i.embedder.EclipseLogger - skip non existing resourceDirectory /home/fernandes/leda-roteiros/R01-03-Rot-SimpleSorting-Recursive-Insertionsort-environment/src/main/resources
2017-05-24 16:27:13,234 [Worker-35] WARN  o.e.m.c.i.embedder.EclipseLogger - Using platform encoding (UTF-8 actually) to copy filtered resources, i.e. build is platform dependent!
2017-05-24 16:27:13,234 [Worker-35] INFO  o.e.m.c.i.embedder.EclipseLogger - skip non existing resourceDirectory /home/fernandes/leda-roteiros/R01-03-Rot-SimpleSorting-Recursive-Insertionsort-environment/src/test/resources
2017-05-24 16:27:14,296 [Worker-33] WARN  o.e.m.c.i.embedder.EclipseLogger - Using platform encoding (UTF-8 actually) to copy filtered resources, i.e. build is platform dependent!
2017-05-24 16:27:14,297 [Worker-33] INFO  o.e.m.c.i.embedder.EclipseLogger - skip non existing resourceDirectory /home/fernandes/leda-roteiros/R01-03-Rot-SimpleSorting-Recursive-Insertionsort-environment/src/main/resources
2017-05-24 16:27:14,303 [Worker-33] WARN  o.e.m.c.i.embedder.EclipseLogger - Using platform encoding (UTF-8 actually) to copy filtered resources, i.e. build is platform dependent!
2017-05-24 16:27:14,304 [Worker-33] INFO  o.e.m.c.i.embedder.EclipseLogger - skip non existing resourceDirectory /home/fernandes/leda-roteiros/R01-03-Rot-SimpleSorting-Recursive-Insertionsort-environment/src/test/resources
2017-05-24 16:27:15,448 [Worker-33] WARN  o.e.m.c.i.embedder.EclipseLogger - Using platform encoding (UTF-8 actually) to copy filtered resources, i.e. build is platform dependent!
2017-05-24 16:27:15,455 [Worker-33] INFO  o.e.m.c.i.embedder.EclipseLogger - skip non existing resourceDirectory /home/fernandes/leda-roteiros/R01-03-Rot-SimpleSorting-Recursive-Insertionsort-environment/src/main/resources
2017-05-24 16:27:15,457 [Worker-33] WARN  o.e.m.c.i.embedder.EclipseLogger - Using platform encoding (UTF-8 actually) to copy filtered resources, i.e. build is platform dependent!
2017-05-24 16:27:15,458 [Worker-33] INFO  o.e.m.c.i.embedder.EclipseLogger - skip non existing resourceDirectory /home/fernandes/leda-roteiros/R01-03-Rot-SimpleSorting-Recursive-Insertionsort-environment/src/test/resources
2017-05-24 16:27:15,690 [Worker-33] ERROR o.e.m.e.x.i.MarkerLocationService - null
org.eclipse.jface.text.BadLocationException: null
	at org.eclipse.jface.text.ListLineTracker.getLineOffset(ListLineTracker.java:191) ~[na:na]
	at org.eclipse.jface.text.AbstractLineTracker.getLineOffset(AbstractLineTracker.java:157) ~[na:na]
	at org.eclipse.wst.sse.core.internal.text.BasicStructuredDocument.getLineOffset(BasicStructuredDocument.java:1495) ~[na:na]
	at org.eclipse.m2e.editor.xml.internal.MarkerLocationService.findLocationForMarker(MarkerLocationService.java:106) ~[na:na]
	at org.eclipse.m2e.core.internal.markers.MarkerUtils.decorateMarker(MarkerUtils.java:48) [org.eclipse.m2e.core_1.7.0.20160603-1933.jar:na]
	at org.eclipse.m2e.core.internal.markers.MavenMarkerManager.addErrorMarker(MavenMarkerManager.java:312) [org.eclipse.m2e.core_1.7.0.20160603-1933.jar:na]
	at org.eclipse.m2e.core.internal.builder.MavenBuilderImpl.processBuildResults(MavenBuilderImpl.java:318) [org.eclipse.m2e.core_1.7.0.20160603-1933.jar:na]
	at org.eclipse.m2e.core.internal.builder.MavenBuilderImpl.build(MavenBuilderImpl.java:179) [org.eclipse.m2e.core_1.7.0.20160603-1933.jar:na]
	at org.eclipse.m2e.core.internal.builder.MavenBuilder$1.method(MavenBuilder.java:172) [org.eclipse.m2e.core_1.7.0.20160603-1933.jar:na]
	at org.eclipse.m2e.core.internal.builder.MavenBuilder$1.method(MavenBuilder.java:1) [org.eclipse.m2e.core_1.7.0.20160603-1933.jar:na]
	at org.eclipse.m2e.core.internal.builder.MavenBuilder$BuildMethod$1$1.call(MavenBuilder.java:115) [org.eclipse.m2e.core_1.7.0.20160603-1933.jar:na]
	at org.eclipse.m2e.core.internal.embedder.MavenExecutionContext.executeBare(MavenExecutionContext.java:176) [org.eclipse.m2e.core_1.7.0.20160603-1933.jar:na]
	at org.eclipse.m2e.core.internal.embedder.MavenExecutionContext.execute(MavenExecutionContext.java:112) [org.eclipse.m2e.core_1.7.0.20160603-1933.jar:na]
	at org.eclipse.m2e.core.internal.builder.MavenBuilder$BuildMethod$1.call(MavenBuilder.java:105) [org.eclipse.m2e.core_1.7.0.20160603-1933.jar:na]
	at org.eclipse.m2e.core.internal.embedder.MavenExecutionContext.executeBare(MavenExecutionContext.java:176) [org.eclipse.m2e.core_1.7.0.20160603-1933.jar:na]
	at org.eclipse.m2e.core.internal.embedder.MavenExecutionContext.execute(MavenExecutionContext.java:151) [org.eclipse.m2e.core_1.7.0.20160603-1933.jar:na]
	at org.eclipse.m2e.core.internal.embedder.MavenExecutionContext.execute(MavenExecutionContext.java:99) [org.eclipse.m2e.core_1.7.0.20160603-1933.jar:na]
	at org.eclipse.m2e.core.internal.builder.MavenBuilder$BuildMethod.execute(MavenBuilder.java:86) [org.eclipse.m2e.core_1.7.0.20160603-1933.jar:na]
	at org.eclipse.m2e.core.internal.builder.MavenBuilder.build(MavenBuilder.java:200) [org.eclipse.m2e.core_1.7.0.20160603-1933.jar:na]
	at org.eclipse.core.internal.events.BuildManager$2.run(BuildManager.java:735) [org.eclipse.core.resources_3.11.0.v20160503-1608.jar:na]
	at org.eclipse.core.runtime.SafeRunner.run(SafeRunner.java:42) [org.eclipse.equinox.common_3.8.0.v20160509-1230.jar:na]
	at org.eclipse.core.internal.events.BuildManager.basicBuild(BuildManager.java:206) [org.eclipse.core.resources_3.11.0.v20160503-1608.jar:na]
	at org.eclipse.core.internal.events.BuildManager.basicBuild(BuildManager.java:246) [org.eclipse.core.resources_3.11.0.v20160503-1608.jar:na]
	at org.eclipse.core.internal.events.BuildManager$1.run(BuildManager.java:301) [org.eclipse.core.resources_3.11.0.v20160503-1608.jar:na]
	at org.eclipse.core.runtime.SafeRunner.run(SafeRunner.java:42) [org.eclipse.equinox.common_3.8.0.v20160509-1230.jar:na]
	at org.eclipse.core.internal.events.BuildManager.basicBuild(BuildManager.java:304) [org.eclipse.core.resources_3.11.0.v20160503-1608.jar:na]
	at org.eclipse.core.internal.events.BuildManager.basicBuildLoop(BuildManager.java:360) [org.eclipse.core.resources_3.11.0.v20160503-1608.jar:na]
	at org.eclipse.core.internal.events.BuildManager.build(BuildManager.java:383) [org.eclipse.core.resources_3.11.0.v20160503-1608.jar:na]
	at org.eclipse.core.internal.events.AutoBuildJob.doBuild(AutoBuildJob.java:144) [org.eclipse.core.resources_3.11.0.v20160503-1608.jar:na]
	at org.eclipse.core.internal.events.AutoBuildJob.run(AutoBuildJob.java:235) [org.eclipse.core.resources_3.11.0.v20160503-1608.jar:na]
	at org.eclipse.core.internal.jobs.Worker.run(Worker.java:55) [org.eclipse.core.jobs_3.8.0.v20160509-0411.jar:na]
2017-05-24 16:27:40,301 [Worker-33] INFO  o.e.m.c.i.l.LifecycleMappingFactory - Using org.eclipse.m2e.jdt.JarLifecycleMapping lifecycle mapping for MavenProject: br.edu.ufcg.ccc:submission:1.0 @ /home/fernandes/leda-roteiros/R01-03/pom.xml.
2017-05-24 16:27:40,867 [Worker-33] INFO  o.e.m.j.i.AbstractJavaProjectConfigurator - Adding source folder /R01-03/src/main/java
2017-05-24 16:27:40,868 [Worker-33] INFO  o.e.m.j.i.AbstractJavaProjectConfigurator - Adding source folder /R01-03/src/test/java
2017-05-24 16:27:40,955 [Worker-33] INFO  o.e.m.c.i.p.ProjectConfigurationManager - Imported and configured 1 project(s) in 1 sec
2017-05-24 16:27:41,838 [Worker-37] WARN  o.e.m.c.i.embedder.EclipseLogger - Using platform encoding (UTF-8 actually) to copy filtered resources, i.e. build is platform dependent!
2017-05-24 16:27:41,847 [Worker-37] INFO  o.e.m.c.i.embedder.EclipseLogger - skip non existing resourceDirectory /home/fernandes/leda-roteiros/R01-03/src/main/resources
2017-05-24 16:27:41,851 [Worker-37] WARN  o.e.m.c.i.embedder.EclipseLogger - Using platform encoding (UTF-8 actually) to copy filtered resources, i.e. build is platform dependent!
2017-05-24 16:27:41,852 [Worker-37] INFO  o.e.m.c.i.embedder.EclipseLogger - skip non existing resourceDirectory /home/fernandes/leda-roteiros/R01-03/src/test/resources
2017-05-24 16:28:55,595 [Worker-39] WARN  o.e.m.c.i.embedder.EclipseLogger - Using platform encoding (UTF-8 actually) to copy filtered resources, i.e. build is platform dependent!
2017-05-24 16:28:55,597 [Worker-39] INFO  o.e.m.c.i.embedder.EclipseLogger - skip non existing resourceDirectory /home/fernandes/leda-roteiros/R01-03/src/main/resources
2017-05-24 16:28:55,608 [Worker-39] WARN  o.e.m.c.i.embedder.EclipseLogger - Using platform encoding (UTF-8 actually) to copy filtered resources, i.e. build is platform dependent!
2017-05-24 16:28:55,609 [Worker-39] INFO  o.e.m.c.i.embedder.EclipseLogger - skip non existing resourceDirectory /home/fernandes/leda-roteiros/R01-03/src/test/resources
2017-05-24 16:29:17,575 [Worker-36] WARN  o.e.m.c.i.embedder.EclipseLogger - Using platform encoding (UTF-8 actually) to copy filtered resources, i.e. build is platform dependent!
2017-05-24 16:29:17,576 [Worker-36] INFO  o.e.m.c.i.embedder.EclipseLogger - skip non existing resourceDirectory /home/fernandes/leda-roteiros/R01-03/src/main/resources
2017-05-24 16:29:17,589 [Worker-36] WARN  o.e.m.c.i.embedder.EclipseLogger - Using platform encoding (UTF-8 actually) to copy filtered resources, i.e. build is platform dependent!
2017-05-24 16:29:17,592 [Worker-36] INFO  o.e.m.c.i.embedder.EclipseLogger - skip non existing resourceDirectory /home/fernandes/leda-roteiros/R01-03/src/test/resources
2017-05-24 16:29:59,439 [Worker-37] WARN  o.e.m.c.i.embedder.EclipseLogger - Using platform encoding (UTF-8 actually) to copy filtered resources, i.e. build is platform dependent!
2017-05-24 16:29:59,440 [Worker-37] INFO  o.e.m.c.i.embedder.EclipseLogger - skip non existing resourceDirectory /home/fernandes/leda-roteiros/R01-03/src/main/resources
2017-05-24 16:29:59,445 [Worker-37] WARN  o.e.m.c.i.embedder.EclipseLogger - Using platform encoding (UTF-8 actually) to copy filtered resources, i.e. build is platform dependent!
2017-05-24 16:29:59,446 [Worker-37] INFO  o.e.m.c.i.embedder.EclipseLogger - skip non existing resourceDirectory /home/fernandes/leda-roteiros/R01-03/src/test/resources
2017-05-24 16:30:14,389 [Worker-40] WARN  o.e.m.c.i.embedder.EclipseLogger - Using platform encoding (UTF-8 actually) to copy filtered resources, i.e. build is platform dependent!
2017-05-24 16:30:14,390 [Worker-40] INFO  o.e.m.c.i.embedder.EclipseLogger - skip non existing resourceDirectory /home/fernandes/leda-roteiros/R01-03/src/main/resources
2017-05-24 16:30:14,401 [Worker-40] WARN  o.e.m.c.i.embedder.EclipseLogger - Using platform encoding (UTF-8 actually) to copy filtered resources, i.e. build is platform dependent!
2017-05-24 16:30:14,402 [Worker-40] INFO  o.e.m.c.i.embedder.EclipseLogger - skip non existing resourceDirectory /home/fernandes/leda-roteiros/R01-03/src/test/resources
2017-05-24 16:30:44,262 [Worker-39] WARN  o.e.m.c.i.embedder.EclipseLogger - Using platform encoding (UTF-8 actually) to copy filtered resources, i.e. build is platform dependent!
2017-05-24 16:30:44,274 [Worker-39] INFO  o.e.m.c.i.embedder.EclipseLogger - skip non existing resourceDirectory /home/fernandes/leda-roteiros/R01-03/src/main/resources
2017-05-24 16:30:44,276 [Worker-39] WARN  o.e.m.c.i.embedder.EclipseLogger - Using platform encoding (UTF-8 actually) to copy filtered resources, i.e. build is platform dependent!
2017-05-24 16:30:44,277 [Worker-39] INFO  o.e.m.c.i.embedder.EclipseLogger - skip non existing resourceDirectory /home/fernandes/leda-roteiros/R01-03/src/test/resources
2017-05-24 16:34:08,069 [Worker-38] WARN  o.e.m.c.i.embedder.EclipseLogger - Using platform encoding (UTF-8 actually) to copy filtered resources, i.e. build is platform dependent!
2017-05-24 16:34:08,070 [Worker-38] INFO  o.e.m.c.i.embedder.EclipseLogger - skip non existing resourceDirectory /home/fernandes/leda-roteiros/R01-03/src/main/resources
2017-05-24 16:34:08,078 [Worker-38] WARN  o.e.m.c.i.embedder.EclipseLogger - Using platform encoding (UTF-8 actually) to copy filtered resources, i.e. build is platform dependent!
2017-05-24 16:34:08,079 [Worker-38] INFO  o.e.m.c.i.embedder.EclipseLogger - skip non existing resourceDirectory /home/fernandes/leda-roteiros/R01-03/src/test/resources
2017-05-24 16:34:24,829 [Worker-42] WARN  o.e.m.c.i.embedder.EclipseLogger - Using platform encoding (UTF-8 actually) to copy filtered resources, i.e. build is platform dependent!
2017-05-24 16:34:24,830 [Worker-42] INFO  o.e.m.c.i.embedder.EclipseLogger - skip non existing resourceDirectory /home/fernandes/leda-roteiros/R01-03/src/main/resources
2017-05-24 16:34:24,834 [Worker-42] WARN  o.e.m.c.i.embedder.EclipseLogger - Using platform encoding (UTF-8 actually) to copy filtered resources, i.e. build is platform dependent!
2017-05-24 16:34:24,843 [Worker-42] INFO  o.e.m.c.i.embedder.EclipseLogger - skip non existing resourceDirectory /home/fernandes/leda-roteiros/R01-03/src/test/resources
2017-05-24 16:34:59,582 [Worker-43] WARN  o.e.m.c.i.embedder.EclipseLogger - Using platform encoding (UTF-8 actually) to copy filtered resources, i.e. build is platform dependent!
2017-05-24 16:34:59,583 [Worker-43] INFO  o.e.m.c.i.embedder.EclipseLogger - skip non existing resourceDirectory /home/fernandes/leda-roteiros/R01-03/src/main/resources
2017-05-24 16:34:59,597 [Worker-43] WARN  o.e.m.c.i.embedder.EclipseLogger - Using platform encoding (UTF-8 actually) to copy filtered resources, i.e. build is platform dependent!
2017-05-24 16:34:59,598 [Worker-43] INFO  o.e.m.c.i.embedder.EclipseLogger - skip non existing resourceDirectory /home/fernandes/leda-roteiros/R01-03/src/test/resources
2017-05-24 16:48:44,326 [Worker-36] WARN  o.e.m.c.i.embedder.EclipseLogger - Using platform encoding (UTF-8 actually) to copy filtered resources, i.e. build is platform dependent!
2017-05-24 16:48:44,327 [Worker-36] INFO  o.e.m.c.i.embedder.EclipseLogger - skip non existing resourceDirectory /home/fernandes/leda-roteiros/R01-03/src/main/resources
2017-05-24 16:48:44,332 [Worker-36] WARN  o.e.m.c.i.embedder.EclipseLogger - Using platform encoding (UTF-8 actually) to copy filtered resources, i.e. build is platform dependent!
2017-05-24 16:48:44,339 [Worker-36] INFO  o.e.m.c.i.embedder.EclipseLogger - skip non existing resourceDirectory /home/fernandes/leda-roteiros/R01-03/src/test/resources
2017-05-24 17:09:09,203 [Worker-49] WARN  o.e.m.c.i.embedder.EclipseLogger - Using platform encoding (UTF-8 actually) to copy filtered resources, i.e. build is platform dependent!
2017-05-24 17:09:09,204 [Worker-49] INFO  o.e.m.c.i.embedder.EclipseLogger - skip non existing resourceDirectory /home/fernandes/leda-roteiros/R01-03/src/main/resources
2017-05-24 17:09:09,206 [Worker-49] WARN  o.e.m.c.i.embedder.EclipseLogger - Using platform encoding (UTF-8 actually) to copy filtered resources, i.e. build is platform dependent!
2017-05-24 17:09:09,207 [Worker-49] INFO  o.e.m.c.i.embedder.EclipseLogger - skip non existing resourceDirectory /home/fernandes/leda-roteiros/R01-03/src/test/resources
2017-05-24 17:22:54,341 [Worker-52] WARN  o.e.m.c.i.embedder.EclipseLogger - Using platform encoding (UTF-8 actually) to copy filtered resources, i.e. build is platform dependent!
2017-05-24 17:22:54,342 [Worker-52] INFO  o.e.m.c.i.embedder.EclipseLogger - skip non existing resourceDirectory /home/fernandes/leda-roteiros/R01-03/src/main/resources
2017-05-24 17:22:54,345 [Worker-52] WARN  o.e.m.c.i.embedder.EclipseLogger - Using platform encoding (UTF-8 actually) to copy filtered resources, i.e. build is platform dependent!
2017-05-24 17:22:54,345 [Worker-52] INFO  o.e.m.c.i.embedder.EclipseLogger - skip non existing resourceDirectory /home/fernandes/leda-roteiros/R01-03/src/test/resources
2017-05-24 17:23:48,142 [Worker-49] WARN  o.e.m.c.i.embedder.EclipseLogger - Using platform encoding (UTF-8 actually) to copy filtered resources, i.e. build is platform dependent!
2017-05-24 17:23:48,143 [Worker-49] INFO  o.e.m.c.i.embedder.EclipseLogger - skip non existing resourceDirectory /home/fernandes/leda-roteiros/R01-03/src/main/resources
2017-05-24 17:23:48,146 [Worker-49] WARN  o.e.m.c.i.embedder.EclipseLogger - Using platform encoding (UTF-8 actually) to copy filtered resources, i.e. build is platform dependent!
2017-05-24 17:23:48,147 [Worker-49] INFO  o.e.m.c.i.embedder.EclipseLogger - skip non existing resourceDirectory /home/fernandes/leda-roteiros/R01-03/src/test/resources
2017-05-24 17:25:55,132 [Worker-52] WARN  o.e.m.c.i.embedder.EclipseLogger - Using platform encoding (UTF-8 actually) to copy filtered resources, i.e. build is platform dependent!
2017-05-24 17:25:55,134 [Worker-52] INFO  o.e.m.c.i.embedder.EclipseLogger - skip non existing resourceDirectory /home/fernandes/leda-roteiros/R01-03/src/main/resources
2017-05-24 17:25:55,143 [Worker-52] WARN  o.e.m.c.i.embedder.EclipseLogger - Using platform encoding (UTF-8 actually) to copy filtered resources, i.e. build is platform dependent!
2017-05-24 17:25:55,144 [Worker-52] INFO  o.e.m.c.i.embedder.EclipseLogger - skip non existing resourceDirectory /home/fernandes/leda-roteiros/R01-03/src/test/resources
2017-05-24 17:26:31,335 [Worker-47] WARN  o.e.m.c.i.embedder.EclipseLogger - Using platform encoding (UTF-8 actually) to copy filtered resources, i.e. build is platform dependent!
2017-05-24 17:26:31,336 [Worker-47] INFO  o.e.m.c.i.embedder.EclipseLogger - skip non existing resourceDirectory /home/fernandes/leda-roteiros/R01-03/src/main/resources
2017-05-24 17:26:31,338 [Worker-47] WARN  o.e.m.c.i.embedder.EclipseLogger - Using platform encoding (UTF-8 actually) to copy filtered resources, i.e. build is platform dependent!
2017-05-24 17:26:31,355 [Worker-47] INFO  o.e.m.c.i.embedder.EclipseLogger - skip non existing resourceDirectory /home/fernandes/leda-roteiros/R01-03/src/test/resources
2017-05-24 17:34:21,474 [Worker-57] WARN  o.e.m.c.i.embedder.EclipseLogger - Using platform encoding (UTF-8 actually) to copy filtered resources, i.e. build is platform dependent!
2017-05-24 17:34:21,475 [Worker-57] INFO  o.e.m.c.i.embedder.EclipseLogger - skip non existing resourceDirectory /home/fernandes/leda-roteiros/R01-03/src/main/resources
2017-05-24 17:34:21,504 [Worker-57] WARN  o.e.m.c.i.embedder.EclipseLogger - Using platform encoding (UTF-8 actually) to copy filtered resources, i.e. build is platform dependent!
2017-05-24 17:34:21,505 [Worker-57] INFO  o.e.m.c.i.embedder.EclipseLogger - skip non existing resourceDirectory /home/fernandes/leda-roteiros/R01-03/src/test/resources
2017-05-24 17:36:12,181 [Worker-56] WARN  o.e.m.c.i.embedder.EclipseLogger - Using platform encoding (UTF-8 actually) to copy filtered resources, i.e. build is platform dependent!
2017-05-24 17:36:12,182 [Worker-56] INFO  o.e.m.c.i.embedder.EclipseLogger - skip non existing resourceDirectory /home/fernandes/leda-roteiros/R01-03/src/main/resources
2017-05-24 17:36:12,185 [Worker-56] WARN  o.e.m.c.i.embedder.EclipseLogger - Using platform encoding (UTF-8 actually) to copy filtered resources, i.e. build is platform dependent!
2017-05-24 17:36:12,194 [Worker-56] INFO  o.e.m.c.i.embedder.EclipseLogger - skip non existing resourceDirectory /home/fernandes/leda-roteiros/R01-03/src/test/resources
2017-05-24 17:43:11,681 [Worker-60] WARN  o.e.m.c.i.embedder.EclipseLogger - Using platform encoding (UTF-8 actually) to copy filtered resources, i.e. build is platform dependent!
2017-05-24 17:43:11,682 [Worker-60] INFO  o.e.m.c.i.embedder.EclipseLogger - skip non existing resourceDirectory /home/fernandes/leda-roteiros/R01-03/src/main/resources
2017-05-24 17:43:11,685 [Worker-60] WARN  o.e.m.c.i.embedder.EclipseLogger - Using platform encoding (UTF-8 actually) to copy filtered resources, i.e. build is platform dependent!
2017-05-24 17:43:11,686 [Worker-60] INFO  o.e.m.c.i.embedder.EclipseLogger - skip non existing resourceDirectory /home/fernandes/leda-roteiros/R01-03/src/test/resources
2017-05-24 17:44:01,280 [Worker-61] WARN  o.e.m.c.i.embedder.EclipseLogger - Using platform encoding (UTF-8 actually) to copy filtered resources, i.e. build is platform dependent!
2017-05-24 17:44:01,280 [Worker-61] INFO  o.e.m.c.i.embedder.EclipseLogger - skip non existing resourceDirectory /home/fernandes/leda-roteiros/R01-03/src/main/resources
2017-05-24 17:44:01,283 [Worker-61] WARN  o.e.m.c.i.embedder.EclipseLogger - Using platform encoding (UTF-8 actually) to copy filtered resources, i.e. build is platform dependent!
2017-05-24 17:44:01,284 [Worker-61] INFO  o.e.m.c.i.embedder.EclipseLogger - skip non existing resourceDirectory /home/fernandes/leda-roteiros/R01-03/src/test/resources
2017-05-24 17:44:08,165 [Worker-61] WARN  o.e.m.c.i.embedder.EclipseLogger - Using platform encoding (UTF-8 actually) to copy filtered resources, i.e. build is platform dependent!
2017-05-24 17:44:08,165 [Worker-61] INFO  o.e.m.c.i.embedder.EclipseLogger - skip non existing resourceDirectory /home/fernandes/leda-roteiros/R01-03/src/main/resources
2017-05-24 17:44:08,168 [Worker-61] WARN  o.e.m.c.i.embedder.EclipseLogger - Using platform encoding (UTF-8 actually) to copy filtered resources, i.e. build is platform dependent!
2017-05-24 17:44:08,168 [Worker-61] INFO  o.e.m.c.i.embedder.EclipseLogger - skip non existing resourceDirectory /home/fernandes/leda-roteiros/R01-03/src/test/resources
2017-05-24 17:56:30,128 [Worker-60] WARN  o.e.m.c.i.embedder.EclipseLogger - Using platform encoding (UTF-8 actually) to copy filtered resources, i.e. build is platform dependent!
2017-05-24 17:56:30,129 [Worker-60] INFO  o.e.m.c.i.embedder.EclipseLogger - skip non existing resourceDirectory /home/fernandes/leda-roteiros/R01-03/src/main/resources
2017-05-24 17:56:30,137 [Worker-60] WARN  o.e.m.c.i.embedder.EclipseLogger - Using platform encoding (UTF-8 actually) to copy filtered resources, i.e. build is platform dependent!
2017-05-24 17:56:30,138 [Worker-60] INFO  o.e.m.c.i.embedder.EclipseLogger - skip non existing resourceDirectory /home/fernandes/leda-roteiros/R01-03/src/test/resources
2017-05-24 17:57:17,407 [Worker-56] WARN  o.e.m.c.i.embedder.EclipseLogger - Using platform encoding (UTF-8 actually) to copy filtered resources, i.e. build is platform dependent!
2017-05-24 17:57:17,408 [Worker-56] INFO  o.e.m.c.i.embedder.EclipseLogger - skip non existing resourceDirectory /home/fernandes/leda-roteiros/R01-03/src/main/resources
2017-05-24 17:57:17,410 [Worker-56] WARN  o.e.m.c.i.embedder.EclipseLogger - Using platform encoding (UTF-8 actually) to copy filtered resources, i.e. build is platform dependent!
2017-05-24 17:57:17,417 [Worker-56] INFO  o.e.m.c.i.embedder.EclipseLogger - skip non existing resourceDirectory /home/fernandes/leda-roteiros/R01-03/src/test/resources
2017-05-24 17:58:32,258 [Worker-56] WARN  o.e.m.c.i.embedder.EclipseLogger - Using platform encoding (UTF-8 actually) to copy filtered resources, i.e. build is platform dependent!
2017-05-24 17:58:32,262 [Worker-56] INFO  o.e.m.c.i.embedder.EclipseLogger - skip non existing resourceDirectory /home/fernandes/leda-roteiros/R01-03/src/main/resources
2017-05-24 17:58:32,264 [Worker-56] WARN  o.e.m.c.i.embedder.EclipseLogger - Using platform encoding (UTF-8 actually) to copy filtered resources, i.e. build is platform dependent!
2017-05-24 17:58:32,277 [Worker-56] INFO  o.e.m.c.i.embedder.EclipseLogger - skip non existing resourceDirectory /home/fernandes/leda-roteiros/R01-03/src/test/resources
2017-05-24 17:59:18,131 [Worker-62] WARN  o.e.m.c.i.embedder.EclipseLogger - Using platform encoding (UTF-8 actually) to copy filtered resources, i.e. build is platform dependent!
2017-05-24 17:59:18,132 [Worker-62] INFO  o.e.m.c.i.embedder.EclipseLogger - skip non existing resourceDirectory /home/fernandes/leda-roteiros/R01-03/src/main/resources
2017-05-24 17:59:18,134 [Worker-62] WARN  o.e.m.c.i.embedder.EclipseLogger - Using platform encoding (UTF-8 actually) to copy filtered resources, i.e. build is platform dependent!
2017-05-24 17:59:18,135 [Worker-62] INFO  o.e.m.c.i.embedder.EclipseLogger - skip non existing resourceDirectory /home/fernandes/leda-roteiros/R01-03/src/test/resources
2017-05-24 18:02:45,975 [Worker-60] WARN  o.e.m.c.i.embedder.EclipseLogger - Using platform encoding (UTF-8 actually) to copy filtered resources, i.e. build is platform dependent!
2017-05-24 18:02:45,976 [Worker-60] INFO  o.e.m.c.i.embedder.EclipseLogger - skip non existing resourceDirectory /home/fernandes/leda-roteiros/R01-03/src/main/resources
2017-05-24 18:02:45,978 [Worker-60] WARN  o.e.m.c.i.embedder.EclipseLogger - Using platform encoding (UTF-8 actually) to copy filtered resources, i.e. build is platform dependent!
2017-05-24 18:02:45,988 [Worker-60] INFO  o.e.m.c.i.embedder.EclipseLogger - skip non existing resourceDirectory /home/fernandes/leda-roteiros/R01-03/src/test/resources
2017-05-24 18:03:31,387 [Worker-56] WARN  o.e.m.c.i.embedder.EclipseLogger - Using platform encoding (UTF-8 actually) to copy filtered resources, i.e. build is platform dependent!
2017-05-24 18:03:31,393 [Worker-56] INFO  o.e.m.c.i.embedder.EclipseLogger - skip non existing resourceDirectory /home/fernandes/leda-roteiros/R01-03/src/main/resources
2017-05-24 18:03:31,397 [Worker-56] WARN  o.e.m.c.i.embedder.EclipseLogger - Using platform encoding (UTF-8 actually) to copy filtered resources, i.e. build is platform dependent!
2017-05-24 18:03:31,401 [Worker-56] INFO  o.e.m.c.i.embedder.EclipseLogger - skip non existing resourceDirectory /home/fernandes/leda-roteiros/R01-03/src/test/resources
2017-05-24 18:03:50,790 [Worker-60] WARN  o.e.m.c.i.embedder.EclipseLogger - Using platform encoding (UTF-8 actually) to copy filtered resources, i.e. build is platform dependent!
2017-05-24 18:03:50,791 [Worker-60] INFO  o.e.m.c.i.embedder.EclipseLogger - skip non existing resourceDirectory /home/fernandes/leda-roteiros/R01-03/src/main/resources
2017-05-24 18:03:50,793 [Worker-60] WARN  o.e.m.c.i.embedder.EclipseLogger - Using platform encoding (UTF-8 actually) to copy filtered resources, i.e. build is platform dependent!
2017-05-24 18:03:50,794 [Worker-60] INFO  o.e.m.c.i.embedder.EclipseLogger - skip non existing resourceDirectory /home/fernandes/leda-roteiros/R01-03/src/test/resources
2017-05-24 18:04:01,006 [Worker-63] WARN  o.e.m.c.i.embedder.EclipseLogger - Using platform encoding (UTF-8 actually) to copy filtered resources, i.e. build is platform dependent!
2017-05-24 18:04:01,011 [Worker-63] INFO  o.e.m.c.i.embedder.EclipseLogger - skip non existing resourceDirectory /home/fernandes/leda-roteiros/R01-03/src/main/resources
2017-05-24 18:04:01,013 [Worker-63] WARN  o.e.m.c.i.embedder.EclipseLogger - Using platform encoding (UTF-8 actually) to copy filtered resources, i.e. build is platform dependent!
2017-05-24 18:04:01,014 [Worker-63] INFO  o.e.m.c.i.embedder.EclipseLogger - skip non existing resourceDirectory /home/fernandes/leda-roteiros/R01-03/src/test/resources
2017-05-24 18:05:13,458 [Worker-62] WARN  o.e.m.c.i.embedder.EclipseLogger - Using platform encoding (UTF-8 actually) to copy filtered resources, i.e. build is platform dependent!
2017-05-24 18:05:13,461 [Worker-62] INFO  o.e.m.c.i.embedder.EclipseLogger - skip non existing resourceDirectory /home/fernandes/leda-roteiros/R01-03/src/main/resources
2017-05-24 18:05:13,463 [Worker-62] WARN  o.e.m.c.i.embedder.EclipseLogger - Using platform encoding (UTF-8 actually) to copy filtered resources, i.e. build is platform dependent!
2017-05-24 18:05:13,465 [Worker-62] INFO  o.e.m.c.i.embedder.EclipseLogger - skip non existing resourceDirectory /home/fernandes/leda-roteiros/R01-03/src/test/resources
2017-05-24 18:06:27,997 [Worker-62] WARN  o.e.m.c.i.embedder.EclipseLogger - Using platform encoding (UTF-8 actually) to copy filtered resources, i.e. build is platform dependent!
2017-05-24 18:06:27,998 [Worker-62] INFO  o.e.m.c.i.embedder.EclipseLogger - skip non existing resourceDirectory /home/fernandes/leda-roteiros/R01-03/src/main/resources
2017-05-24 18:06:28,000 [Worker-62] WARN  o.e.m.c.i.embedder.EclipseLogger - Using platform encoding (UTF-8 actually) to copy filtered resources, i.e. build is platform dependent!
2017-05-24 18:06:28,000 [Worker-62] INFO  o.e.m.c.i.embedder.EclipseLogger - skip non existing resourceDirectory /home/fernandes/leda-roteiros/R01-03/src/test/resources
2017-05-24 18:06:59,232 [Worker-60] WARN  o.e.m.c.i.embedder.EclipseLogger - Using platform encoding (UTF-8 actually) to copy filtered resources, i.e. build is platform dependent!
2017-05-24 18:06:59,233 [Worker-60] INFO  o.e.m.c.i.embedder.EclipseLogger - skip non existing resourceDirectory /home/fernandes/leda-roteiros/R01-03/src/main/resources
2017-05-24 18:06:59,235 [Worker-60] WARN  o.e.m.c.i.embedder.EclipseLogger - Using platform encoding (UTF-8 actually) to copy filtered resources, i.e. build is platform dependent!
2017-05-24 18:06:59,240 [Worker-60] INFO  o.e.m.c.i.embedder.EclipseLogger - skip non existing resourceDirectory /home/fernandes/leda-roteiros/R01-03/src/test/resources
2017-05-24 18:07:13,820 [Worker-58] WARN  o.e.m.c.i.embedder.EclipseLogger - Using platform encoding (UTF-8 actually) to copy filtered resources, i.e. build is platform dependent!
2017-05-24 18:07:13,821 [Worker-58] INFO  o.e.m.c.i.embedder.EclipseLogger - skip non existing resourceDirectory /home/fernandes/leda-roteiros/R01-03/src/main/resources
2017-05-24 18:07:13,823 [Worker-58] WARN  o.e.m.c.i.embedder.EclipseLogger - Using platform encoding (UTF-8 actually) to copy filtered resources, i.e. build is platform dependent!
2017-05-24 18:07:13,832 [Worker-58] INFO  o.e.m.c.i.embedder.EclipseLogger - skip non existing resourceDirectory /home/fernandes/leda-roteiros/R01-03/src/test/resources
2017-05-24 18:07:41,958 [main] INFO  o.e.m2e.actions.ExecutePomAction - Creating new launch configuration
2017-05-24 18:07:49,540 [Worker-58] INFO  o.e.m.i.launch.MavenLaunchDelegate - /home/fernandes/leda-roteiros/R01-03
2017-05-24 18:07:49,540 [Worker-58] INFO  o.e.m.i.launch.MavenLaunchDelegate -  mvn -B install
2017-05-24 18:10:09,873 [Worker-63] WARN  o.e.m.c.i.embedder.EclipseLogger - Using platform encoding (UTF-8 actually) to copy filtered resources, i.e. build is platform dependent!
2017-05-24 18:10:09,874 [Worker-63] INFO  o.e.m.c.i.embedder.EclipseLogger - skip non existing resourceDirectory /home/fernandes/leda-roteiros/R01-03/src/main/resources
2017-05-24 18:10:09,876 [Worker-63] WARN  o.e.m.c.i.embedder.EclipseLogger - Using platform encoding (UTF-8 actually) to copy filtered resources, i.e. build is platform dependent!
2017-05-24 18:10:09,876 [Worker-63] INFO  o.e.m.c.i.embedder.EclipseLogger - skip non existing resourceDirectory /home/fernandes/leda-roteiros/R01-03/src/test/resources
2017-05-24 18:10:10,121 [Worker-63] WARN  o.e.m.c.i.embedder.EclipseLogger - Using platform encoding (UTF-8 actually) to copy filtered resources, i.e. build is platform dependent!
2017-05-24 18:10:10,121 [Worker-63] INFO  o.e.m.c.i.embedder.EclipseLogger - skip non existing resourceDirectory /home/fernandes/leda-roteiros/R01-03/src/main/resources
2017-05-24 18:10:10,123 [Worker-63] WARN  o.e.m.c.i.embedder.EclipseLogger - Using platform encoding (UTF-8 actually) to copy filtered resources, i.e. build is platform dependent!
2017-05-24 18:10:10,124 [Worker-63] INFO  o.e.m.c.i.embedder.EclipseLogger - skip non existing resourceDirectory /home/fernandes/leda-roteiros/R01-03/src/test/resources
2017-05-24 18:14:55,448 [Worker-60] WARN  o.e.m.c.i.embedder.EclipseLogger - Using platform encoding (UTF-8 actually) to copy filtered resources, i.e. build is platform dependent!
2017-05-24 18:14:55,450 [Worker-60] INFO  o.e.m.c.i.embedder.EclipseLogger - skip non existing resourceDirectory /home/fernandes/leda-roteiros/R01-03/src/main/resources
2017-05-24 18:14:55,452 [Worker-60] WARN  o.e.m.c.i.embedder.EclipseLogger - Using platform encoding (UTF-8 actually) to copy filtered resources, i.e. build is platform dependent!
2017-05-24 18:14:55,461 [Worker-60] INFO  o.e.m.c.i.embedder.EclipseLogger - skip non existing resourceDirectory /home/fernandes/leda-roteiros/R01-03/src/test/resources
2017-05-24 18:14:56,559 [Worker-63] WARN  o.e.m.c.i.embedder.EclipseLogger - Using platform encoding (UTF-8 actually) to copy filtered resources, i.e. build is platform dependent!
2017-05-24 18:14:56,569 [Worker-63] INFO  o.e.m.c.i.embedder.EclipseLogger - skip non existing resourceDirectory /home/fernandes/leda-roteiros/R01-03/src/main/resources
2017-05-24 18:14:56,571 [Worker-63] WARN  o.e.m.c.i.embedder.EclipseLogger - Using platform encoding (UTF-8 actually) to copy filtered resources, i.e. build is platform dependent!
2017-05-24 18:14:56,571 [Worker-63] INFO  o.e.m.c.i.embedder.EclipseLogger - skip non existing resourceDirectory /home/fernandes/leda-roteiros/R01-03/src/test/resources
2017-05-24 18:44:25,737 [Worker-47] WARN  o.e.m.c.i.embedder.EclipseLogger - Using platform encoding (UTF-8 actually) to copy filtered resources, i.e. build is platform dependent!
2017-05-24 18:44:25,738 [Worker-47] INFO  o.e.m.c.i.embedder.EclipseLogger - skip non existing resourceDirectory /home/fernandes/leda-roteiros/R01-03/src/main/resources
2017-05-24 18:44:25,740 [Worker-47] WARN  o.e.m.c.i.embedder.EclipseLogger - Using platform encoding (UTF-8 actually) to copy filtered resources, i.e. build is platform dependent!
2017-05-24 18:44:25,741 [Worker-47] INFO  o.e.m.c.i.embedder.EclipseLogger - skip non existing resourceDirectory /home/fernandes/leda-roteiros/R01-03/src/test/resources
2017-05-24 18:47:03,008 [Worker-70] WARN  o.e.m.c.i.embedder.EclipseLogger - Using platform encoding (UTF-8 actually) to copy filtered resources, i.e. build is platform dependent!
2017-05-24 18:47:03,009 [Worker-70] INFO  o.e.m.c.i.embedder.EclipseLogger - skip non existing resourceDirectory /home/fernandes/leda-roteiros/R01-03/src/main/resources
2017-05-24 18:47:03,013 [Worker-70] WARN  o.e.m.c.i.embedder.EclipseLogger - Using platform encoding (UTF-8 actually) to copy filtered resources, i.e. build is platform dependent!
2017-05-24 18:47:03,023 [Worker-70] INFO  o.e.m.c.i.embedder.EclipseLogger - skip non existing resourceDirectory /home/fernandes/leda-roteiros/R01-03/src/test/resources
2017-05-24 18:51:23,474 [Worker-72] WARN  o.e.m.c.i.embedder.EclipseLogger - Using platform encoding (UTF-8 actually) to copy filtered resources, i.e. build is platform dependent!
2017-05-24 18:51:23,486 [Worker-72] INFO  o.e.m.c.i.embedder.EclipseLogger - skip non existing resourceDirectory /home/fernandes/leda-roteiros/R01-03/src/main/resources
2017-05-24 18:51:23,499 [Worker-72] WARN  o.e.m.c.i.embedder.EclipseLogger - Using platform encoding (UTF-8 actually) to copy filtered resources, i.e. build is platform dependent!
2017-05-24 18:51:23,500 [Worker-72] INFO  o.e.m.c.i.embedder.EclipseLogger - skip non existing resourceDirectory /home/fernandes/leda-roteiros/R01-03/src/test/resources
2017-05-24 18:51:44,815 [Worker-72] WARN  o.e.m.c.i.embedder.EclipseLogger - Using platform encoding (UTF-8 actually) to copy filtered resources, i.e. build is platform dependent!
2017-05-24 18:51:44,818 [Worker-72] INFO  o.e.m.c.i.embedder.EclipseLogger - skip non existing resourceDirectory /home/fernandes/leda-roteiros/R01-03/src/main/resources
2017-05-24 18:51:44,821 [Worker-72] WARN  o.e.m.c.i.embedder.EclipseLogger - Using platform encoding (UTF-8 actually) to copy filtered resources, i.e. build is platform dependent!
2017-05-24 18:51:44,822 [Worker-72] INFO  o.e.m.c.i.embedder.EclipseLogger - skip non existing resourceDirectory /home/fernandes/leda-roteiros/R01-03/src/test/resources
2017-05-24 18:52:09,305 [Worker-67] WARN  o.e.m.c.i.embedder.EclipseLogger - Using platform encoding (UTF-8 actually) to copy filtered resources, i.e. build is platform dependent!
2017-05-24 18:52:09,306 [Worker-67] INFO  o.e.m.c.i.embedder.EclipseLogger - skip non existing resourceDirectory /home/fernandes/leda-roteiros/R01-03/src/main/resources
2017-05-24 18:52:09,309 [Worker-67] WARN  o.e.m.c.i.embedder.EclipseLogger - Using platform encoding (UTF-8 actually) to copy filtered resources, i.e. build is platform dependent!
2017-05-24 18:52:09,309 [Worker-67] INFO  o.e.m.c.i.embedder.EclipseLogger - skip non existing resourceDirectory /home/fernandes/leda-roteiros/R01-03/src/test/resources
2017-05-24 18:55:59,224 [Worker-71] WARN  o.e.m.c.i.embedder.EclipseLogger - Using platform encoding (UTF-8 actually) to copy filtered resources, i.e. build is platform dependent!
2017-05-24 18:55:59,227 [Worker-71] INFO  o.e.m.c.i.embedder.EclipseLogger - skip non existing resourceDirectory /home/fernandes/leda-roteiros/R01-03/src/main/resources
2017-05-24 18:55:59,229 [Worker-71] WARN  o.e.m.c.i.embedder.EclipseLogger - Using platform encoding (UTF-8 actually) to copy filtered resources, i.e. build is platform dependent!
2017-05-24 18:55:59,230 [Worker-71] INFO  o.e.m.c.i.embedder.EclipseLogger - skip non existing resourceDirectory /home/fernandes/leda-roteiros/R01-03/src/test/resources
2017-05-24 18:56:31,840 [Worker-72] WARN  o.e.m.c.i.embedder.EclipseLogger - Using platform encoding (UTF-8 actually) to copy filtered resources, i.e. build is platform dependent!
2017-05-24 18:56:31,841 [Worker-72] INFO  o.e.m.c.i.embedder.EclipseLogger - skip non existing resourceDirectory /home/fernandes/leda-roteiros/R01-03/src/main/resources
2017-05-24 18:56:31,851 [Worker-72] WARN  o.e.m.c.i.embedder.EclipseLogger - Using platform encoding (UTF-8 actually) to copy filtered resources, i.e. build is platform dependent!
2017-05-24 18:56:31,852 [Worker-72] INFO  o.e.m.c.i.embedder.EclipseLogger - skip non existing resourceDirectory /home/fernandes/leda-roteiros/R01-03/src/test/resources
2017-05-24 18:57:32,446 [Worker-75] WARN  o.e.m.c.i.embedder.EclipseLogger - Using platform encoding (UTF-8 actually) to copy filtered resources, i.e. build is platform dependent!
2017-05-24 18:57:32,446 [Worker-75] INFO  o.e.m.c.i.embedder.EclipseLogger - skip non existing resourceDirectory /home/fernandes/leda-roteiros/R01-03/src/main/resources
2017-05-24 18:57:32,456 [Worker-75] WARN  o.e.m.c.i.embedder.EclipseLogger - Using platform encoding (UTF-8 actually) to copy filtered resources, i.e. build is platform dependent!
2017-05-24 18:57:32,457 [Worker-75] INFO  o.e.m.c.i.embedder.EclipseLogger - skip non existing resourceDirectory /home/fernandes/leda-roteiros/R01-03/src/test/resources
2017-05-24 18:57:46,216 [Worker-75] WARN  o.e.m.c.i.embedder.EclipseLogger - Using platform encoding (UTF-8 actually) to copy filtered resources, i.e. build is platform dependent!
2017-05-24 18:57:46,216 [Worker-75] INFO  o.e.m.c.i.embedder.EclipseLogger - skip non existing resourceDirectory /home/fernandes/leda-roteiros/R01-03/src/main/resources
2017-05-24 18:57:46,218 [Worker-75] WARN  o.e.m.c.i.embedder.EclipseLogger - Using platform encoding (UTF-8 actually) to copy filtered resources, i.e. build is platform dependent!
2017-05-24 18:57:46,219 [Worker-75] INFO  o.e.m.c.i.embedder.EclipseLogger - skip non existing resourceDirectory /home/fernandes/leda-roteiros/R01-03/src/test/resources
2017-05-24 19:00:39,983 [Worker-74] WARN  o.e.m.c.i.embedder.EclipseLogger - Using platform encoding (UTF-8 actually) to copy filtered resources, i.e. build is platform dependent!
2017-05-24 19:00:39,993 [Worker-74] INFO  o.e.m.c.i.embedder.EclipseLogger - skip non existing resourceDirectory /home/fernandes/leda-roteiros/R01-03/src/main/resources
2017-05-24 19:00:40,002 [Worker-74] WARN  o.e.m.c.i.embedder.EclipseLogger - Using platform encoding (UTF-8 actually) to copy filtered resources, i.e. build is platform dependent!
2017-05-24 19:00:40,002 [Worker-74] INFO  o.e.m.c.i.embedder.EclipseLogger - skip non existing resourceDirectory /home/fernandes/leda-roteiros/R01-03/src/test/resources
2017-05-24 19:01:55,069 [Worker-65] WARN  o.e.m.c.i.embedder.EclipseLogger - Using platform encoding (UTF-8 actually) to copy filtered resources, i.e. build is platform dependent!
2017-05-24 19:01:55,069 [Worker-65] INFO  o.e.m.c.i.embedder.EclipseLogger - skip non existing resourceDirectory /home/fernandes/leda-roteiros/R01-03/src/main/resources
2017-05-24 19:01:55,075 [Worker-65] WARN  o.e.m.c.i.embedder.EclipseLogger - Using platform encoding (UTF-8 actually) to copy filtered resources, i.e. build is platform dependent!
2017-05-24 19:01:55,076 [Worker-65] INFO  o.e.m.c.i.embedder.EclipseLogger - skip non existing resourceDirectory /home/fernandes/leda-roteiros/R01-03/src/test/resources
2017-05-24 19:02:28,575 [Worker-75] WARN  o.e.m.c.i.embedder.EclipseLogger - Using platform encoding (UTF-8 actually) to copy filtered resources, i.e. build is platform dependent!
2017-05-24 19:02:28,581 [Worker-75] INFO  o.e.m.c.i.embedder.EclipseLogger - skip non existing resourceDirectory /home/fernandes/leda-roteiros/R01-03/src/main/resources
2017-05-24 19:02:28,584 [Worker-75] WARN  o.e.m.c.i.embedder.EclipseLogger - Using platform encoding (UTF-8 actually) to copy filtered resources, i.e. build is platform dependent!
2017-05-24 19:02:28,594 [Worker-75] INFO  o.e.m.c.i.embedder.EclipseLogger - skip non existing resourceDirectory /home/fernandes/leda-roteiros/R01-03/src/test/resources
2017-05-24 19:12:16,395 [Worker-72] WARN  o.e.m.c.i.embedder.EclipseLogger - Using platform encoding (UTF-8 actually) to copy filtered resources, i.e. build is platform dependent!
2017-05-24 19:12:16,396 [Worker-72] INFO  o.e.m.c.i.embedder.EclipseLogger - skip non existing resourceDirectory /home/fernandes/leda-roteiros/R01-03/src/main/resources
2017-05-24 19:12:16,398 [Worker-72] WARN  o.e.m.c.i.embedder.EclipseLogger - Using platform encoding (UTF-8 actually) to copy filtered resources, i.e. build is platform dependent!
2017-05-24 19:12:16,399 [Worker-72] INFO  o.e.m.c.i.embedder.EclipseLogger - skip non existing resourceDirectory /home/fernandes/leda-roteiros/R01-03/src/test/resources
2017-05-24 19:13:11,641 [Worker-72] WARN  o.e.m.c.i.embedder.EclipseLogger - Using platform encoding (UTF-8 actually) to copy filtered resources, i.e. build is platform dependent!
2017-05-24 19:13:11,641 [Worker-72] INFO  o.e.m.c.i.embedder.EclipseLogger - skip non existing resourceDirectory /home/fernandes/leda-roteiros/R01-03/src/main/resources
2017-05-24 19:13:11,648 [Worker-72] WARN  o.e.m.c.i.embedder.EclipseLogger - Using platform encoding (UTF-8 actually) to copy filtered resources, i.e. build is platform dependent!
2017-05-24 19:13:11,649 [Worker-72] INFO  o.e.m.c.i.embedder.EclipseLogger - skip non existing resourceDirectory /home/fernandes/leda-roteiros/R01-03/src/test/resources
2017-05-24 19:13:22,583 [Worker-76] WARN  o.e.m.c.i.embedder.EclipseLogger - Using platform encoding (UTF-8 actually) to copy filtered resources, i.e. build is platform dependent!
2017-05-24 19:13:22,584 [Worker-76] INFO  o.e.m.c.i.embedder.EclipseLogger - skip non existing resourceDirectory /home/fernandes/leda-roteiros/R01-03/src/main/resources
2017-05-24 19:13:22,585 [Worker-76] WARN  o.e.m.c.i.embedder.EclipseLogger - Using platform encoding (UTF-8 actually) to copy filtered resources, i.e. build is platform dependent!
2017-05-24 19:13:22,586 [Worker-76] INFO  o.e.m.c.i.embedder.EclipseLogger - skip non existing resourceDirectory /home/fernandes/leda-roteiros/R01-03/src/test/resources
2017-05-24 19:14:02,101 [Worker-65] WARN  o.e.m.c.i.embedder.EclipseLogger - Using platform encoding (UTF-8 actually) to copy filtered resources, i.e. build is platform dependent!
2017-05-24 19:14:02,102 [Worker-65] INFO  o.e.m.c.i.embedder.EclipseLogger - skip non existing resourceDirectory /home/fernandes/leda-roteiros/R01-03/src/main/resources
2017-05-24 19:14:02,104 [Worker-65] WARN  o.e.m.c.i.embedder.EclipseLogger - Using platform encoding (UTF-8 actually) to copy filtered resources, i.e. build is platform dependent!
2017-05-24 19:14:02,105 [Worker-65] INFO  o.e.m.c.i.embedder.EclipseLogger - skip non existing resourceDirectory /home/fernandes/leda-roteiros/R01-03/src/test/resources
2017-05-24 19:15:08,444 [Worker-78] WARN  o.e.m.c.i.embedder.EclipseLogger - Using platform encoding (UTF-8 actually) to copy filtered resources, i.e. build is platform dependent!
2017-05-24 19:15:08,445 [Worker-78] INFO  o.e.m.c.i.embedder.EclipseLogger - skip non existing resourceDirectory /home/fernandes/leda-roteiros/R01-03/src/main/resources
2017-05-24 19:15:08,447 [Worker-78] WARN  o.e.m.c.i.embedder.EclipseLogger - Using platform encoding (UTF-8 actually) to copy filtered resources, i.e. build is platform dependent!
2017-05-24 19:15:08,447 [Worker-78] INFO  o.e.m.c.i.embedder.EclipseLogger - skip non existing resourceDirectory /home/fernandes/leda-roteiros/R01-03/src/test/resources
2017-05-24 19:16:28,174 [Worker-72] WARN  o.e.m.c.i.embedder.EclipseLogger - Using platform encoding (UTF-8 actually) to copy filtered resources, i.e. build is platform dependent!
2017-05-24 19:16:28,174 [Worker-72] INFO  o.e.m.c.i.embedder.EclipseLogger - skip non existing resourceDirectory /home/fernandes/leda-roteiros/R01-03/src/main/resources
2017-05-24 19:16:28,192 [Worker-72] WARN  o.e.m.c.i.embedder.EclipseLogger - Using platform encoding (UTF-8 actually) to copy filtered resources, i.e. build is platform dependent!
2017-05-24 19:16:28,193 [Worker-72] INFO  o.e.m.c.i.embedder.EclipseLogger - skip non existing resourceDirectory /home/fernandes/leda-roteiros/R01-03/src/test/resources
2017-05-24 19:17:18,051 [Worker-78] WARN  o.e.m.c.i.embedder.EclipseLogger - Using platform encoding (UTF-8 actually) to copy filtered resources, i.e. build is platform dependent!
2017-05-24 19:17:18,052 [Worker-78] INFO  o.e.m.c.i.embedder.EclipseLogger - skip non existing resourceDirectory /home/fernandes/leda-roteiros/R01-03/src/main/resources
2017-05-24 19:17:18,054 [Worker-78] WARN  o.e.m.c.i.embedder.EclipseLogger - Using platform encoding (UTF-8 actually) to copy filtered resources, i.e. build is platform dependent!
2017-05-24 19:17:18,066 [Worker-78] INFO  o.e.m.c.i.embedder.EclipseLogger - skip non existing resourceDirectory /home/fernandes/leda-roteiros/R01-03/src/test/resources
2017-05-24 19:24:02,697 [Worker-80] WARN  o.e.m.c.i.embedder.EclipseLogger - Using platform encoding (UTF-8 actually) to copy filtered resources, i.e. build is platform dependent!
2017-05-24 19:24:02,698 [Worker-80] INFO  o.e.m.c.i.embedder.EclipseLogger - skip non existing resourceDirectory /home/fernandes/leda-roteiros/R01-03/src/main/resources
2017-05-24 19:24:02,713 [Worker-80] WARN  o.e.m.c.i.embedder.EclipseLogger - Using platform encoding (UTF-8 actually) to copy filtered resources, i.e. build is platform dependent!
2017-05-24 19:24:02,714 [Worker-80] INFO  o.e.m.c.i.embedder.EclipseLogger - skip non existing resourceDirectory /home/fernandes/leda-roteiros/R01-03/src/test/resources
2017-05-24 19:24:19,215 [Worker-81] WARN  o.e.m.c.i.embedder.EclipseLogger - Using platform encoding (UTF-8 actually) to copy filtered resources, i.e. build is platform dependent!
2017-05-24 19:24:19,216 [Worker-81] INFO  o.e.m.c.i.embedder.EclipseLogger - skip non existing resourceDirectory /home/fernandes/leda-roteiros/R01-03/src/main/resources
2017-05-24 19:24:19,218 [Worker-81] WARN  o.e.m.c.i.embedder.EclipseLogger - Using platform encoding (UTF-8 actually) to copy filtered resources, i.e. build is platform dependent!
2017-05-24 19:24:19,219 [Worker-81] INFO  o.e.m.c.i.embedder.EclipseLogger - skip non existing resourceDirectory /home/fernandes/leda-roteiros/R01-03/src/test/resources
2017-05-24 19:24:48,868 [Worker-82] WARN  o.e.m.c.i.embedder.EclipseLogger - Using platform encoding (UTF-8 actually) to copy filtered resources, i.e. build is platform dependent!
2017-05-24 19:24:48,869 [Worker-82] INFO  o.e.m.c.i.embedder.EclipseLogger - skip non existing resourceDirectory /home/fernandes/leda-roteiros/R01-03/src/main/resources
2017-05-24 19:24:48,871 [Worker-82] WARN  o.e.m.c.i.embedder.EclipseLogger - Using platform encoding (UTF-8 actually) to copy filtered resources, i.e. build is platform dependent!
2017-05-24 19:24:48,877 [Worker-82] INFO  o.e.m.c.i.embedder.EclipseLogger - skip non existing resourceDirectory /home/fernandes/leda-roteiros/R01-03/src/test/resources
2017-05-24 19:25:42,319 [Worker-82] WARN  o.e.m.c.i.embedder.EclipseLogger - Using platform encoding (UTF-8 actually) to copy filtered resources, i.e. build is platform dependent!
2017-05-24 19:25:42,325 [Worker-82] INFO  o.e.m.c.i.embedder.EclipseLogger - skip non existing resourceDirectory /home/fernandes/leda-roteiros/R01-03/src/main/resources
2017-05-24 19:25:42,334 [Worker-82] WARN  o.e.m.c.i.embedder.EclipseLogger - Using platform encoding (UTF-8 actually) to copy filtered resources, i.e. build is platform dependent!
2017-05-24 19:25:42,335 [Worker-82] INFO  o.e.m.c.i.embedder.EclipseLogger - skip non existing resourceDirectory /home/fernandes/leda-roteiros/R01-03/src/test/resources
2017-05-24 19:25:55,541 [Worker-76] WARN  o.e.m.c.i.embedder.EclipseLogger - Using platform encoding (UTF-8 actually) to copy filtered resources, i.e. build is platform dependent!
2017-05-24 19:25:55,542 [Worker-76] INFO  o.e.m.c.i.embedder.EclipseLogger - skip non existing resourceDirectory /home/fernandes/leda-roteiros/R01-03/src/main/resources
2017-05-24 19:25:55,558 [Worker-76] WARN  o.e.m.c.i.embedder.EclipseLogger - Using platform encoding (UTF-8 actually) to copy filtered resources, i.e. build is platform dependent!
2017-05-24 19:25:55,559 [Worker-76] INFO  o.e.m.c.i.embedder.EclipseLogger - skip non existing resourceDirectory /home/fernandes/leda-roteiros/R01-03/src/test/resources
2017-05-24 19:29:52,124 [Worker-80] WARN  o.e.m.c.i.embedder.EclipseLogger - Using platform encoding (UTF-8 actually) to copy filtered resources, i.e. build is platform dependent!
2017-05-24 19:29:52,125 [Worker-80] INFO  o.e.m.c.i.embedder.EclipseLogger - skip non existing resourceDirectory /home/fernandes/leda-roteiros/R01-03/src/main/resources
2017-05-24 19:29:52,136 [Worker-80] WARN  o.e.m.c.i.embedder.EclipseLogger - Using platform encoding (UTF-8 actually) to copy filtered resources, i.e. build is platform dependent!
2017-05-24 19:29:52,137 [Worker-80] INFO  o.e.m.c.i.embedder.EclipseLogger - skip non existing resourceDirectory /home/fernandes/leda-roteiros/R01-03/src/test/resources
2017-05-24 19:30:16,633 [Worker-82] WARN  o.e.m.c.i.embedder.EclipseLogger - Using platform encoding (UTF-8 actually) to copy filtered resources, i.e. build is platform dependent!
2017-05-24 19:30:16,641 [Worker-82] INFO  o.e.m.c.i.embedder.EclipseLogger - skip non existing resourceDirectory /home/fernandes/leda-roteiros/R01-03/src/main/resources
2017-05-24 19:30:16,651 [Worker-82] WARN  o.e.m.c.i.embedder.EclipseLogger - Using platform encoding (UTF-8 actually) to copy filtered resources, i.e. build is platform dependent!
2017-05-24 19:30:16,652 [Worker-82] INFO  o.e.m.c.i.embedder.EclipseLogger - skip non existing resourceDirectory /home/fernandes/leda-roteiros/R01-03/src/test/resources
2017-05-24 19:34:58,966 [Worker-77] WARN  o.e.m.c.i.embedder.EclipseLogger - Using platform encoding (UTF-8 actually) to copy filtered resources, i.e. build is platform dependent!
2017-05-24 19:34:58,967 [Worker-77] INFO  o.e.m.c.i.embedder.EclipseLogger - skip non existing resourceDirectory /home/fernandes/leda-roteiros/R01-03/src/main/resources
2017-05-24 19:34:58,969 [Worker-77] WARN  o.e.m.c.i.embedder.EclipseLogger - Using platform encoding (UTF-8 actually) to copy filtered resources, i.e. build is platform dependent!
2017-05-24 19:34:58,970 [Worker-77] INFO  o.e.m.c.i.embedder.EclipseLogger - skip non existing resourceDirectory /home/fernandes/leda-roteiros/R01-03/src/test/resources
2017-05-24 19:40:22,137 [Worker-77] WARN  o.e.m.c.i.embedder.EclipseLogger - Using platform encoding (UTF-8 actually) to copy filtered resources, i.e. build is platform dependent!
2017-05-24 19:40:22,138 [Worker-77] INFO  o.e.m.c.i.embedder.EclipseLogger - skip non existing resourceDirectory /home/fernandes/leda-roteiros/R01-03/src/main/resources
2017-05-24 19:40:22,146 [Worker-77] WARN  o.e.m.c.i.embedder.EclipseLogger - Using platform encoding (UTF-8 actually) to copy filtered resources, i.e. build is platform dependent!
2017-05-24 19:40:22,147 [Worker-77] INFO  o.e.m.c.i.embedder.EclipseLogger - skip non existing resourceDirectory /home/fernandes/leda-roteiros/R01-03/src/test/resources
2017-05-24 19:40:48,517 [main] INFO  o.e.m2e.actions.ExecutePomAction - Creating new launch configuration
2017-05-24 19:40:55,085 [Worker-82] INFO  o.e.m.i.launch.MavenLaunchDelegate - /home/fernandes/leda-roteiros/R01-03
2017-05-24 19:40:55,086 [Worker-82] INFO  o.e.m.i.launch.MavenLaunchDelegate -  mvn -B install
2017-05-24 19:43:19,684 [main] INFO  o.e.m2e.actions.ExecutePomAction - Creating new launch configuration
2017-05-24 19:43:27,624 [Worker-77] INFO  o.e.m.i.launch.MavenLaunchDelegate - /home/fernandes/leda-roteiros/R01-03
2017-05-24 19:43:27,625 [Worker-77] INFO  o.e.m.i.launch.MavenLaunchDelegate -  mvn -B install
